Start testing: Apr 30 16:55 EEST
----------------------------------------------------------
1/86 Testing: Elf64HeaderFromImage.RejectsNullAndTooSmallImages
1/86 Test: Elf64HeaderFromImage.RejectsNullAndTooSmallImages
Command: "/Users/stefan/os1_repo/build-host-tests-ninja/os1_host_tests" "--gtest_filter=Elf64HeaderFromImage.RejectsNullAndTooSmallImages" "--gtest_also_run_disabled_tests"
Directory: /Users/stefan/os1_repo/build-host-tests-ninja
"Elf64HeaderFromImage.RejectsNullAndTooSmallImages" start time: Apr 30 16:55 EEST
Output:
----------------------------------------------------------
Running main() from /Users/stefan/os1_repo/third_party/googletest/googletest/src/gtest_main.cc
Note: Google Test filter = Elf64HeaderFromImage.RejectsNullAndTooSmallImages
[==========] Running 1 test from 1 test suite.
[----------] Global test environment set-up.
[----------] 1 test from Elf64HeaderFromImage
[ RUN      ] Elf64HeaderFromImage.RejectsNullAndTooSmallImages
[       OK ] Elf64HeaderFromImage.RejectsNullAndTooSmallImages (0 ms)
[----------] 1 test from Elf64HeaderFromImage (0 ms total)

[----------] Global test environment tear-down
[==========] 1 test from 1 test suite ran. (0 ms total)
[  PASSED  ] 1 test.
<end of output>
Test time =   0.01 sec
----------------------------------------------------------
Test Passed.
"Elf64HeaderFromImage.RejectsNullAndTooSmallImages" end time: Apr 30 16:55 EEST
"Elf64HeaderFromImage.RejectsNullAndTooSmallImages" time elapsed: 00:00:00
----------------------------------------------------------

2/86 Testing: Elf64HeaderFromImage.RejectsBadMagicProgramOffsetAndEntrySize
2/86 Test: Elf64HeaderFromImage.RejectsBadMagicProgramOffsetAndEntrySize
Command: "/Users/stefan/os1_repo/build-host-tests-ninja/os1_host_tests" "--gtest_filter=Elf64HeaderFromImage.RejectsBadMagicProgramOffsetAndEntrySize" "--gtest_also_run_disabled_tests"
Directory: /Users/stefan/os1_repo/build-host-tests-ninja
"Elf64HeaderFromImage.RejectsBadMagicProgramOffsetAndEntrySize" start time: Apr 30 16:55 EEST
Output:
----------------------------------------------------------
Running main() from /Users/stefan/os1_repo/third_party/googletest/googletest/src/gtest_main.cc
Note: Google Test filter = Elf64HeaderFromImage.RejectsBadMagicProgramOffsetAndEntrySize
[==========] Running 1 test from 1 test suite.
[----------] Global test environment set-up.
[----------] 1 test from Elf64HeaderFromImage
[ RUN      ] Elf64HeaderFromImage.RejectsBadMagicProgramOffsetAndEntrySize
[       OK ] Elf64HeaderFromImage.RejectsBadMagicProgramOffsetAndEntrySize (0 ms)
[----------] 1 test from Elf64HeaderFromImage (0 ms total)

[----------] Global test environment tear-down
[==========] 1 test from 1 test suite ran. (0 ms total)
[  PASSED  ] 1 test.
<end of output>
Test time =   0.00 sec
----------------------------------------------------------
Test Passed.
"Elf64HeaderFromImage.RejectsBadMagicProgramOffsetAndEntrySize" end time: Apr 30 16:55 EEST
"Elf64HeaderFromImage.RejectsBadMagicProgramOffsetAndEntrySize" time elapsed: 00:00:00
----------------------------------------------------------

3/86 Testing: Elf64HeaderFromImage.AcceptsMinimalValidHeader
3/86 Test: Elf64HeaderFromImage.AcceptsMinimalValidHeader
Command: "/Users/stefan/os1_repo/build-host-tests-ninja/os1_host_tests" "--gtest_filter=Elf64HeaderFromImage.AcceptsMinimalValidHeader" "--gtest_also_run_disabled_tests"
Directory: /Users/stefan/os1_repo/build-host-tests-ninja
"Elf64HeaderFromImage.AcceptsMinimalValidHeader" start time: Apr 30 16:55 EEST
Output:
----------------------------------------------------------
Running main() from /Users/stefan/os1_repo/third_party/googletest/googletest/src/gtest_main.cc
Note: Google Test filter = Elf64HeaderFromImage.AcceptsMinimalValidHeader
[==========] Running 1 test from 1 test suite.
[----------] Global test environment set-up.
[----------] 1 test from Elf64HeaderFromImage
[ RUN      ] Elf64HeaderFromImage.AcceptsMinimalValidHeader
[       OK ] Elf64HeaderFromImage.AcceptsMinimalValidHeader (0 ms)
[----------] 1 test from Elf64HeaderFromImage (0 ms total)

[----------] Global test environment tear-down
[==========] 1 test from 1 test suite ran. (0 ms total)
[  PASSED  ] 1 test.
<end of output>
Test time =   0.01 sec
----------------------------------------------------------
Test Passed.
"Elf64HeaderFromImage.AcceptsMinimalValidHeader" end time: Apr 30 16:55 EEST
"Elf64HeaderFromImage.AcceptsMinimalValidHeader" time elapsed: 00:00:00
----------------------------------------------------------

4/86 Testing: Elf64ProgramHeaderFromImage.ReturnsExpectedProgramHeaderPointers
4/86 Test: Elf64ProgramHeaderFromImage.ReturnsExpectedProgramHeaderPointers
Command: "/Users/stefan/os1_repo/build-host-tests-ninja/os1_host_tests" "--gtest_filter=Elf64ProgramHeaderFromImage.ReturnsExpectedProgramHeaderPointers" "--gtest_also_run_disabled_tests"
Directory: /Users/stefan/os1_repo/build-host-tests-ninja
"Elf64ProgramHeaderFromImage.ReturnsExpectedProgramHeaderPointers" start time: Apr 30 16:55 EEST
Output:
----------------------------------------------------------
Running main() from /Users/stefan/os1_repo/third_party/googletest/googletest/src/gtest_main.cc
Note: Google Test filter = Elf64ProgramHeaderFromImage.ReturnsExpectedProgramHeaderPointers
[==========] Running 1 test from 1 test suite.
[----------] Global test environment set-up.
[----------] 1 test from Elf64ProgramHeaderFromImage
[ RUN      ] Elf64ProgramHeaderFromImage.ReturnsExpectedProgramHeaderPointers
[       OK ] Elf64ProgramHeaderFromImage.ReturnsExpectedProgramHeaderPointers (0 ms)
[----------] 1 test from Elf64ProgramHeaderFromImage (0 ms total)

[----------] Global test environment tear-down
[==========] 1 test from 1 test suite ran. (0 ms total)
[  PASSED  ] 1 test.
<end of output>
Test time =   0.00 sec
----------------------------------------------------------
Test Passed.
"Elf64ProgramHeaderFromImage.ReturnsExpectedProgramHeaderPointers" end time: Apr 30 16:55 EEST
"Elf64ProgramHeaderFromImage.ReturnsExpectedProgramHeaderPointers" time elapsed: 00:00:00
----------------------------------------------------------

5/86 Testing: Elf64ProgramHeaderFromImage.RejectsOutOfBoundsAndOverflow
5/86 Test: Elf64ProgramHeaderFromImage.RejectsOutOfBoundsAndOverflow
Command: "/Users/stefan/os1_repo/build-host-tests-ninja/os1_host_tests" "--gtest_filter=Elf64ProgramHeaderFromImage.RejectsOutOfBoundsAndOverflow" "--gtest_also_run_disabled_tests"
Directory: /Users/stefan/os1_repo/build-host-tests-ninja
"Elf64ProgramHeaderFromImage.RejectsOutOfBoundsAndOverflow" start time: Apr 30 16:55 EEST
Output:
----------------------------------------------------------
Running main() from /Users/stefan/os1_repo/third_party/googletest/googletest/src/gtest_main.cc
Note: Google Test filter = Elf64ProgramHeaderFromImage.RejectsOutOfBoundsAndOverflow
[==========] Running 1 test from 1 test suite.
[----------] Global test environment set-up.
[----------] 1 test from Elf64ProgramHeaderFromImage
[ RUN      ] Elf64ProgramHeaderFromImage.RejectsOutOfBoundsAndOverflow
[       OK ] Elf64ProgramHeaderFromImage.RejectsOutOfBoundsAndOverflow (0 ms)
[----------] 1 test from Elf64ProgramHeaderFromImage (0 ms total)

[----------] Global test environment tear-down
[==========] 1 test from 1 test suite ran. (0 ms total)
[  PASSED  ] 1 test.
<end of output>
Test time =   0.00 sec
----------------------------------------------------------
Test Passed.
"Elf64ProgramHeaderFromImage.RejectsOutOfBoundsAndOverflow" end time: Apr 30 16:55 EEST
"Elf64ProgramHeaderFromImage.RejectsOutOfBoundsAndOverflow" time elapsed: 00:00:00
----------------------------------------------------------

6/86 Testing: Elf64SegmentBounds.ValidatesLoadableFileBounds
6/86 Test: Elf64SegmentBounds.ValidatesLoadableFileBounds
Command: "/Users/stefan/os1_repo/build-host-tests-ninja/os1_host_tests" "--gtest_filter=Elf64SegmentBounds.ValidatesLoadableFileBounds" "--gtest_also_run_disabled_tests"
Directory: /Users/stefan/os1_repo/build-host-tests-ninja
"Elf64SegmentBounds.ValidatesLoadableFileBounds" start time: Apr 30 16:55 EEST
Output:
----------------------------------------------------------
Running main() from /Users/stefan/os1_repo/third_party/googletest/googletest/src/gtest_main.cc
Note: Google Test filter = Elf64SegmentBounds.ValidatesLoadableFileBounds
[==========] Running 1 test from 1 test suite.
[----------] Global test environment set-up.
[----------] 1 test from Elf64SegmentBounds
[ RUN      ] Elf64SegmentBounds.ValidatesLoadableFileBounds
[       OK ] Elf64SegmentBounds.ValidatesLoadableFileBounds (0 ms)
[----------] 1 test from Elf64SegmentBounds (0 ms total)

[----------] Global test environment tear-down
[==========] 1 test from 1 test suite ran. (0 ms total)
[  PASSED  ] 1 test.
<end of output>
Test time =   0.00 sec
----------------------------------------------------------
Test Passed.
"Elf64SegmentBounds.ValidatesLoadableFileBounds" end time: Apr 30 16:55 EEST
"Elf64SegmentBounds.ValidatesLoadableFileBounds" time elapsed: 00:00:00
----------------------------------------------------------

7/86 Testing: FreestandingBytes.CopiesAndZeroesExactRanges
7/86 Test: FreestandingBytes.CopiesAndZeroesExactRanges
Command: "/Users/stefan/os1_repo/build-host-tests-ninja/os1_host_tests" "--gtest_filter=FreestandingBytes.CopiesAndZeroesExactRanges" "--gtest_also_run_disabled_tests"
Directory: /Users/stefan/os1_repo/build-host-tests-ninja
"FreestandingBytes.CopiesAndZeroesExactRanges" start time: Apr 30 16:55 EEST
Output:
----------------------------------------------------------
Running main() from /Users/stefan/os1_repo/third_party/googletest/googletest/src/gtest_main.cc
Note: Google Test filter = FreestandingBytes.CopiesAndZeroesExactRanges
[==========] Running 1 test from 1 test suite.
[----------] Global test environment set-up.
[----------] 1 test from FreestandingBytes
[ RUN      ] FreestandingBytes.CopiesAndZeroesExactRanges
[       OK ] FreestandingBytes.CopiesAndZeroesExactRanges (0 ms)
[----------] 1 test from FreestandingBytes (0 ms total)

[----------] Global test environment tear-down
[==========] 1 test from 1 test suite ran. (0 ms total)
[  PASSED  ] 1 test.
<end of output>
Test time =   0.00 sec
----------------------------------------------------------
Test Passed.
"FreestandingBytes.CopiesAndZeroesExactRanges" end time: Apr 30 16:55 EEST
"FreestandingBytes.CopiesAndZeroesExactRanges" time elapsed: 00:00:00
----------------------------------------------------------

8/86 Testing: FreestandingString.MeasuresNullEmptyAndNormalStrings
8/86 Test: FreestandingString.MeasuresNullEmptyAndNormalStrings
Command: "/Users/stefan/os1_repo/build-host-tests-ninja/os1_host_tests" "--gtest_filter=FreestandingString.MeasuresNullEmptyAndNormalStrings" "--gtest_also_run_disabled_tests"
Directory: /Users/stefan/os1_repo/build-host-tests-ninja
"FreestandingString.MeasuresNullEmptyAndNormalStrings" start time: Apr 30 16:55 EEST
Output:
----------------------------------------------------------
Running main() from /Users/stefan/os1_repo/third_party/googletest/googletest/src/gtest_main.cc
Note: Google Test filter = FreestandingString.MeasuresNullEmptyAndNormalStrings
[==========] Running 1 test from 1 test suite.
[----------] Global test environment set-up.
[----------] 1 test from FreestandingString
[ RUN      ] FreestandingString.MeasuresNullEmptyAndNormalStrings
[       OK ] FreestandingString.MeasuresNullEmptyAndNormalStrings (0 ms)
[----------] 1 test from FreestandingString (0 ms total)

[----------] Global test environment tear-down
[==========] 1 test from 1 test suite ran. (0 ms total)
[  PASSED  ] 1 test.
<end of output>
Test time =   0.00 sec
----------------------------------------------------------
Test Passed.
"FreestandingString.MeasuresNullEmptyAndNormalStrings" end time: Apr 30 16:55 EEST
"FreestandingString.MeasuresNullEmptyAndNormalStrings" time elapsed: 00:00:00
----------------------------------------------------------

9/86 Testing: FreestandingString.CopyStringTerminatesAndTruncates
9/86 Test: FreestandingString.CopyStringTerminatesAndTruncates
Command: "/Users/stefan/os1_repo/build-host-tests-ninja/os1_host_tests" "--gtest_filter=FreestandingString.CopyStringTerminatesAndTruncates" "--gtest_also_run_disabled_tests"
Directory: /Users/stefan/os1_repo/build-host-tests-ninja
"FreestandingString.CopyStringTerminatesAndTruncates" start time: Apr 30 16:55 EEST
Output:
----------------------------------------------------------
Running main() from /Users/stefan/os1_repo/third_party/googletest/googletest/src/gtest_main.cc
Note: Google Test filter = FreestandingString.CopyStringTerminatesAndTruncates
[==========] Running 1 test from 1 test suite.
[----------] Global test environment set-up.
[----------] 1 test from FreestandingString
[ RUN      ] FreestandingString.CopyStringTerminatesAndTruncates
[       OK ] FreestandingString.CopyStringTerminatesAndTruncates (0 ms)
[----------] 1 test from FreestandingString (0 ms total)

[----------] Global test environment tear-down
[==========] 1 test from 1 test suite ran. (0 ms total)
[  PASSED  ] 1 test.
<end of output>
Test time =   0.00 sec
----------------------------------------------------------
Test Passed.
"FreestandingString.CopyStringTerminatesAndTruncates" end time: Apr 30 16:55 EEST
"FreestandingString.CopyStringTerminatesAndTruncates" time elapsed: 00:00:00
----------------------------------------------------------

10/86 Testing: FreestandingString.AppendStringTerminatesAndTruncates
10/86 Test: FreestandingString.AppendStringTerminatesAndTruncates
Command: "/Users/stefan/os1_repo/build-host-tests-ninja/os1_host_tests" "--gtest_filter=FreestandingString.AppendStringTerminatesAndTruncates" "--gtest_also_run_disabled_tests"
Directory: /Users/stefan/os1_repo/build-host-tests-ninja
"FreestandingString.AppendStringTerminatesAndTruncates" start time: Apr 30 16:55 EEST
Output:
----------------------------------------------------------
Running main() from /Users/stefan/os1_repo/third_party/googletest/googletest/src/gtest_main.cc
Note: Google Test filter = FreestandingString.AppendStringTerminatesAndTruncates
[==========] Running 1 test from 1 test suite.
[----------] Global test environment set-up.
[----------] 1 test from FreestandingString
[ RUN      ] FreestandingString.AppendStringTerminatesAndTruncates
[       OK ] FreestandingString.AppendStringTerminatesAndTruncates (0 ms)
[----------] 1 test from FreestandingString (0 ms total)

[----------] Global test environment tear-down
[==========] 1 test from 1 test suite ran. (0 ms total)
[  PASSED  ] 1 test.
<end of output>
Test time =   0.01 sec
----------------------------------------------------------
Test Passed.
"FreestandingString.AppendStringTerminatesAndTruncates" end time: Apr 30 16:55 EEST
"FreestandingString.AppendStringTerminatesAndTruncates" time elapsed: 00:00:00
----------------------------------------------------------

11/86 Testing: FreestandingString.ComparesStringsAndSuffixes
11/86 Test: FreestandingString.ComparesStringsAndSuffixes
Command: "/Users/stefan/os1_repo/build-host-tests-ninja/os1_host_tests" "--gtest_filter=FreestandingString.ComparesStringsAndSuffixes" "--gtest_also_run_disabled_tests"
Directory: /Users/stefan/os1_repo/build-host-tests-ninja
"FreestandingString.ComparesStringsAndSuffixes" start time: Apr 30 16:55 EEST
Output:
----------------------------------------------------------
Running main() from /Users/stefan/os1_repo/third_party/googletest/googletest/src/gtest_main.cc
Note: Google Test filter = FreestandingString.ComparesStringsAndSuffixes
[==========] Running 1 test from 1 test suite.
[----------] Global test environment set-up.
[----------] 1 test from FreestandingString
[ RUN      ] FreestandingString.ComparesStringsAndSuffixes
[       OK ] FreestandingString.ComparesStringsAndSuffixes (0 ms)
[----------] 1 test from FreestandingString (0 ms total)

[----------] Global test environment tear-down
[==========] 1 test from 1 test suite ran. (0 ms total)
[  PASSED  ] 1 test.
<end of output>
Test time =   0.00 sec
----------------------------------------------------------
Test Passed.
"FreestandingString.ComparesStringsAndSuffixes" end time: Apr 30 16:55 EEST
"FreestandingString.ComparesStringsAndSuffixes" time elapsed: 00:00:00
----------------------------------------------------------

12/86 Testing: CpioNewcParser.VisitsRegularFilesOnly
12/86 Test: CpioNewcParser.VisitsRegularFilesOnly
Command: "/Users/stefan/os1_repo/build-host-tests-ninja/os1_host_tests" "--gtest_filter=CpioNewcParser.VisitsRegularFilesOnly" "--gtest_also_run_disabled_tests"
Directory: /Users/stefan/os1_repo/build-host-tests-ninja
"CpioNewcParser.VisitsRegularFilesOnly" start time: Apr 30 16:55 EEST
Output:
----------------------------------------------------------
Running main() from /Users/stefan/os1_repo/third_party/googletest/googletest/src/gtest_main.cc
Note: Google Test filter = CpioNewcParser.VisitsRegularFilesOnly
[==========] Running 1 test from 1 test suite.
[----------] Global test environment set-up.
[----------] 1 test from CpioNewcParser
[ RUN      ] CpioNewcParser.VisitsRegularFilesOnly
[       OK ] CpioNewcParser.VisitsRegularFilesOnly (0 ms)
[----------] 1 test from CpioNewcParser (0 ms total)

[----------] Global test environment tear-down
[==========] 1 test from 1 test suite ran. (0 ms total)
[  PASSED  ] 1 test.
<end of output>
Test time =   0.00 sec
----------------------------------------------------------
Test Passed.
"CpioNewcParser.VisitsRegularFilesOnly" end time: Apr 30 16:55 EEST
"CpioNewcParser.VisitsRegularFilesOnly" time elapsed: 00:00:00
----------------------------------------------------------

13/86 Testing: CpioNewcParser.NormalizesPathComparisonAndCopy
13/86 Test: CpioNewcParser.NormalizesPathComparisonAndCopy
Command: "/Users/stefan/os1_repo/build-host-tests-ninja/os1_host_tests" "--gtest_filter=CpioNewcParser.NormalizesPathComparisonAndCopy" "--gtest_also_run_disabled_tests"
Directory: /Users/stefan/os1_repo/build-host-tests-ninja
"CpioNewcParser.NormalizesPathComparisonAndCopy" start time: Apr 30 16:55 EEST
Output:
----------------------------------------------------------
Running main() from /Users/stefan/os1_repo/third_party/googletest/googletest/src/gtest_main.cc
Note: Google Test filter = CpioNewcParser.NormalizesPathComparisonAndCopy
[==========] Running 1 test from 1 test suite.
[----------] Global test environment set-up.
[----------] 1 test from CpioNewcParser
[ RUN      ] CpioNewcParser.NormalizesPathComparisonAndCopy
[       OK ] CpioNewcParser.NormalizesPathComparisonAndCopy (0 ms)
[----------] 1 test from CpioNewcParser (0 ms total)

[----------] Global test environment tear-down
[==========] 1 test from 1 test suite ran. (0 ms total)
[  PASSED  ] 1 test.
<end of output>
Test time =   0.00 sec
----------------------------------------------------------
Test Passed.
"CpioNewcParser.NormalizesPathComparisonAndCopy" end time: Apr 30 16:55 EEST
"CpioNewcParser.NormalizesPathComparisonAndCopy" time elapsed: 00:00:00
----------------------------------------------------------

14/86 Testing: CpioNewcParser.RejectsMalformedArchives
14/86 Test: CpioNewcParser.RejectsMalformedArchives
Command: "/Users/stefan/os1_repo/build-host-tests-ninja/os1_host_tests" "--gtest_filter=CpioNewcParser.RejectsMalformedArchives" "--gtest_also_run_disabled_tests"
Directory: /Users/stefan/os1_repo/build-host-tests-ninja
"CpioNewcParser.RejectsMalformedArchives" start time: Apr 30 16:55 EEST
Output:
----------------------------------------------------------
Running main() from /Users/stefan/os1_repo/third_party/googletest/googletest/src/gtest_main.cc
Note: Google Test filter = CpioNewcParser.RejectsMalformedArchives
[==========] Running 1 test from 1 test suite.
[----------] Global test environment set-up.
[----------] 1 test from CpioNewcParser
[ RUN      ] CpioNewcParser.RejectsMalformedArchives
[       OK ] CpioNewcParser.RejectsMalformedArchives (0 ms)
[----------] 1 test from CpioNewcParser (0 ms total)

[----------] Global test environment tear-down
[==========] 1 test from 1 test suite ran. (0 ms total)
[  PASSED  ] 1 test.
<end of output>
Test time =   0.00 sec
----------------------------------------------------------
Test Passed.
"CpioNewcParser.RejectsMalformedArchives" end time: Apr 30 16:55 EEST
"CpioNewcParser.RejectsMalformedArchives" time elapsed: 00:00:00
----------------------------------------------------------

15/86 Testing: CpioNewcParser.VisitorCanStopTraversal
15/86 Test: CpioNewcParser.VisitorCanStopTraversal
Command: "/Users/stefan/os1_repo/build-host-tests-ninja/os1_host_tests" "--gtest_filter=CpioNewcParser.VisitorCanStopTraversal" "--gtest_also_run_disabled_tests"
Directory: /Users/stefan/os1_repo/build-host-tests-ninja
"CpioNewcParser.VisitorCanStopTraversal" start time: Apr 30 16:55 EEST
Output:
----------------------------------------------------------
Running main() from /Users/stefan/os1_repo/third_party/googletest/googletest/src/gtest_main.cc
Note: Google Test filter = CpioNewcParser.VisitorCanStopTraversal
[==========] Running 1 test from 1 test suite.
[----------] Global test environment set-up.
[----------] 1 test from CpioNewcParser
[ RUN      ] CpioNewcParser.VisitorCanStopTraversal
[       OK ] CpioNewcParser.VisitorCanStopTraversal (0 ms)
[----------] 1 test from CpioNewcParser (0 ms total)

[----------] Global test environment tear-down
[==========] 1 test from 1 test suite ran. (0 ms total)
[  PASSED  ] 1 test.
<end of output>
Test time =   0.00 sec
----------------------------------------------------------
Test Passed.
"CpioNewcParser.VisitorCanStopTraversal" end time: Apr 30 16:55 EEST
"CpioNewcParser.VisitorCanStopTraversal" time elapsed: 00:00:00
----------------------------------------------------------

16/86 Testing: BootInfoOwnership.RejectsMalformedInputs
16/86 Test: BootInfoOwnership.RejectsMalformedInputs
Command: "/Users/stefan/os1_repo/build-host-tests-ninja/os1_host_tests" "--gtest_filter=BootInfoOwnership.RejectsMalformedInputs" "--gtest_also_run_disabled_tests"
Directory: /Users/stefan/os1_repo/build-host-tests-ninja
"BootInfoOwnership.RejectsMalformedInputs" start time: Apr 30 16:55 EEST
Output:
----------------------------------------------------------
Running main() from /Users/stefan/os1_repo/third_party/googletest/googletest/src/gtest_main.cc
Note: Google Test filter = BootInfoOwnership.RejectsMalformedInputs
[==========] Running 1 test from 1 test suite.
[----------] Global test environment set-up.
[----------] 1 test from BootInfoOwnership
[ RUN      ] BootInfoOwnership.RejectsMalformedInputs
[       OK ] BootInfoOwnership.RejectsMalformedInputs (0 ms)
[----------] 1 test from BootInfoOwnership (0 ms total)

[----------] Global test environment tear-down
[==========] 1 test from 1 test suite ran. (0 ms total)
[  PASSED  ] 1 test.
<end of output>
Test time =   0.00 sec
----------------------------------------------------------
Test Passed.
"BootInfoOwnership.RejectsMalformedInputs" end time: Apr 30 16:55 EEST
"BootInfoOwnership.RejectsMalformedInputs" time elapsed: 00:00:00
----------------------------------------------------------

17/86 Testing: BootInfoOwnership.DeepCopiesPointedToState
17/86 Test: BootInfoOwnership.DeepCopiesPointedToState
Command: "/Users/stefan/os1_repo/build-host-tests-ninja/os1_host_tests" "--gtest_filter=BootInfoOwnership.DeepCopiesPointedToState" "--gtest_also_run_disabled_tests"
Directory: /Users/stefan/os1_repo/build-host-tests-ninja
"BootInfoOwnership.DeepCopiesPointedToState" start time: Apr 30 16:55 EEST
Output:
----------------------------------------------------------
Running main() from /Users/stefan/os1_repo/third_party/googletest/googletest/src/gtest_main.cc
Note: Google Test filter = BootInfoOwnership.DeepCopiesPointedToState
[==========] Running 1 test from 1 test suite.
[----------] Global test environment set-up.
[----------] 1 test from BootInfoOwnership
[ RUN      ] BootInfoOwnership.DeepCopiesPointedToState
[       OK ] BootInfoOwnership.DeepCopiesPointedToState (0 ms)
[----------] 1 test from BootInfoOwnership (0 ms total)

[----------] Global test environment tear-down
[==========] 1 test from 1 test suite ran. (0 ms total)
[  PASSED  ] 1 test.
<end of output>
Test time =   0.00 sec
----------------------------------------------------------
Test Passed.
"BootInfoOwnership.DeepCopiesPointedToState" end time: Apr 30 16:55 EEST
"BootInfoOwnership.DeepCopiesPointedToState" time elapsed: 00:00:00
----------------------------------------------------------

18/86 Testing: BootInfoOwnership.PreservesNullOptionalStrings
18/86 Test: BootInfoOwnership.PreservesNullOptionalStrings
Command: "/Users/stefan/os1_repo/build-host-tests-ninja/os1_host_tests" "--gtest_filter=BootInfoOwnership.PreservesNullOptionalStrings" "--gtest_also_run_disabled_tests"
Directory: /Users/stefan/os1_repo/build-host-tests-ninja
"BootInfoOwnership.PreservesNullOptionalStrings" start time: Apr 30 16:55 EEST
Output:
----------------------------------------------------------
Running main() from /Users/stefan/os1_repo/third_party/googletest/googletest/src/gtest_main.cc
Note: Google Test filter = BootInfoOwnership.PreservesNullOptionalStrings
[==========] Running 1 test from 1 test suite.
[----------] Global test environment set-up.
[----------] 1 test from BootInfoOwnership
[ RUN      ] BootInfoOwnership.PreservesNullOptionalStrings
[       OK ] BootInfoOwnership.PreservesNullOptionalStrings (0 ms)
[----------] 1 test from BootInfoOwnership (0 ms total)

[----------] Global test environment tear-down
[==========] 1 test from 1 test suite ran. (0 ms total)
[  PASSED  ] 1 test.
<end of output>
Test time =   0.00 sec
----------------------------------------------------------
Test Passed.
"BootInfoOwnership.PreservesNullOptionalStrings" end time: Apr 30 16:55 EEST
"BootInfoOwnership.PreservesNullOptionalStrings" time elapsed: 00:00:00
----------------------------------------------------------

19/86 Testing: AcpiDiscovery.HpetTableIsOptional
19/86 Test: AcpiDiscovery.HpetTableIsOptional
Command: "/Users/stefan/os1_repo/build-host-tests-ninja/os1_host_tests" "--gtest_filter=AcpiDiscovery.HpetTableIsOptional" "--gtest_also_run_disabled_tests"
Directory: /Users/stefan/os1_repo/build-host-tests-ninja
"AcpiDiscovery.HpetTableIsOptional" start time: Apr 30 16:55 EEST
Output:
----------------------------------------------------------
Running main() from /Users/stefan/os1_repo/third_party/googletest/googletest/src/gtest_main.cc
Note: Google Test filter = AcpiDiscovery.HpetTableIsOptional
[==========] Running 1 test from 1 test suite.
[----------] Global test environment set-up.
[----------] 1 test from AcpiDiscovery
[ RUN      ] AcpiDiscovery.HpetTableIsOptional
[       OK ] AcpiDiscovery.HpetTableIsOptional (10 ms)
[----------] 1 test from AcpiDiscovery (10 ms total)

[----------] Global test environment tear-down
[==========] 1 test from 1 test suite ran. (10 ms total)
[  PASSED  ] 1 test.
<end of output>
Test time =   0.02 sec
----------------------------------------------------------
Test Passed.
"AcpiDiscovery.HpetTableIsOptional" end time: Apr 30 16:55 EEST
"AcpiDiscovery.HpetTableIsOptional" time elapsed: 00:00:00
----------------------------------------------------------

20/86 Testing: AcpiDiscovery.ParsesHpetTableAndReadsMainCounter
20/86 Test: AcpiDiscovery.ParsesHpetTableAndReadsMainCounter
Command: "/Users/stefan/os1_repo/build-host-tests-ninja/os1_host_tests" "--gtest_filter=AcpiDiscovery.ParsesHpetTableAndReadsMainCounter" "--gtest_also_run_disabled_tests"
Directory: /Users/stefan/os1_repo/build-host-tests-ninja
"AcpiDiscovery.ParsesHpetTableAndReadsMainCounter" start time: Apr 30 16:55 EEST
Output:
----------------------------------------------------------
Running main() from /Users/stefan/os1_repo/third_party/googletest/googletest/src/gtest_main.cc
Note: Google Test filter = AcpiDiscovery.ParsesHpetTableAndReadsMainCounter
[==========] Running 1 test from 1 test suite.
[----------] Global test environment set-up.
[----------] 1 test from AcpiDiscovery
[ RUN      ] AcpiDiscovery.ParsesHpetTableAndReadsMainCounter
[       OK ] AcpiDiscovery.ParsesHpetTableAndReadsMainCounter (10 ms)
[----------] 1 test from AcpiDiscovery (10 ms total)

[----------] Global test environment tear-down
[==========] 1 test from 1 test suite ran. (10 ms total)
[  PASSED  ] 1 test.
<end of output>
Test time =   0.02 sec
----------------------------------------------------------
Test Passed.
"AcpiDiscovery.ParsesHpetTableAndReadsMainCounter" end time: Apr 30 16:55 EEST
"AcpiDiscovery.ParsesHpetTableAndReadsMainCounter" time elapsed: 00:00:00
----------------------------------------------------------

21/86 Testing: AcpiAml.LoadsDevicesResourcesRoutesAndPowerMethods
21/86 Test: AcpiAml.LoadsDevicesResourcesRoutesAndPowerMethods
Command: "/Users/stefan/os1_repo/build-host-tests-ninja/os1_host_tests" "--gtest_filter=AcpiAml.LoadsDevicesResourcesRoutesAndPowerMethods" "--gtest_also_run_disabled_tests"
Directory: /Users/stefan/os1_repo/build-host-tests-ninja
"AcpiAml.LoadsDevicesResourcesRoutesAndPowerMethods" start time: Apr 30 16:55 EEST
Output:
----------------------------------------------------------
Running main() from /Users/stefan/os1_repo/third_party/googletest/googletest/src/gtest_main.cc
Note: Google Test filter = AcpiAml.LoadsDevicesResourcesRoutesAndPowerMethods
[==========] Running 1 test from 1 test suite.
[----------] Global test environment set-up.
[----------] 1 test from AcpiAml
[ RUN      ] AcpiAml.LoadsDevicesResourcesRoutesAndPowerMethods
[       OK ] AcpiAml.LoadsDevicesResourcesRoutesAndPowerMethods (11 ms)
[----------] 1 test from AcpiAml (11 ms total)

[----------] Global test environment tear-down
[==========] 1 test from 1 test suite ran. (11 ms total)
[  PASSED  ] 1 test.
<end of output>
Test time =   0.02 sec
----------------------------------------------------------
Test Passed.
"AcpiAml.LoadsDevicesResourcesRoutesAndPowerMethods" end time: Apr 30 16:55 EEST
"AcpiAml.LoadsDevicesResourcesRoutesAndPowerMethods" time elapsed: 00:00:00
----------------------------------------------------------

22/86 Testing: AcpiAml.SuspendsAndResumesBoundDevicesInDeterministicOrder
22/86 Test: AcpiAml.SuspendsAndResumesBoundDevicesInDeterministicOrder
Command: "/Users/stefan/os1_repo/build-host-tests-ninja/os1_host_tests" "--gtest_filter=AcpiAml.SuspendsAndResumesBoundDevicesInDeterministicOrder" "--gtest_also_run_disabled_tests"
Directory: /Users/stefan/os1_repo/build-host-tests-ninja
"AcpiAml.SuspendsAndResumesBoundDevicesInDeterministicOrder" start time: Apr 30 16:55 EEST
Output:
----------------------------------------------------------
Running main() from /Users/stefan/os1_repo/third_party/googletest/googletest/src/gtest_main.cc
Note: Google Test filter = AcpiAml.SuspendsAndResumesBoundDevicesInDeterministicOrder
[==========] Running 1 test from 1 test suite.
[----------] Global test environment set-up.
[----------] 1 test from AcpiAml
[ RUN      ] AcpiAml.SuspendsAndResumesBoundDevicesInDeterministicOrder
[       OK ] AcpiAml.SuspendsAndResumesBoundDevicesInDeterministicOrder (10 ms)
[----------] 1 test from AcpiAml (10 ms total)

[----------] Global test environment tear-down
[==========] 1 test from 1 test suite ran. (10 ms total)
[  PASSED  ] 1 test.
<end of output>
Test time =   0.02 sec
----------------------------------------------------------
Test Passed.
"AcpiAml.SuspendsAndResumesBoundDevicesInDeterministicOrder" end time: Apr 30 16:55 EEST
"AcpiAml.SuspendsAndResumesBoundDevicesInDeterministicOrder" time elapsed: 00:00:00
----------------------------------------------------------

23/86 Testing: AlignHelpers.AlignDownAndUpToPowerOfTwo
23/86 Test: AlignHelpers.AlignDownAndUpToPowerOfTwo
Command: "/Users/stefan/os1_repo/build-host-tests-ninja/os1_host_tests" "--gtest_filter=AlignHelpers.AlignDownAndUpToPowerOfTwo" "--gtest_also_run_disabled_tests"
Directory: /Users/stefan/os1_repo/build-host-tests-ninja
"AlignHelpers.AlignDownAndUpToPowerOfTwo" start time: Apr 30 16:55 EEST
Output:
----------------------------------------------------------
Running main() from /Users/stefan/os1_repo/third_party/googletest/googletest/src/gtest_main.cc
Note: Google Test filter = AlignHelpers.AlignDownAndUpToPowerOfTwo
[==========] Running 1 test from 1 test suite.
[----------] Global test environment set-up.
[----------] 1 test from AlignHelpers
[ RUN      ] AlignHelpers.AlignDownAndUpToPowerOfTwo
[       OK ] AlignHelpers.AlignDownAndUpToPowerOfTwo (0 ms)
[----------] 1 test from AlignHelpers (0 ms total)

[----------] Global test environment tear-down
[==========] 1 test from 1 test suite ran. (0 ms total)
[  PASSED  ] 1 test.
<end of output>
Test time =   0.00 sec
----------------------------------------------------------
Test Passed.
"AlignHelpers.AlignDownAndUpToPowerOfTwo" end time: Apr 30 16:55 EEST
"AlignHelpers.AlignDownAndUpToPowerOfTwo" time elapsed: 00:00:00
----------------------------------------------------------

24/86 Testing: FixedString.CopiesTruncatesAndPads
24/86 Test: FixedString.CopiesTruncatesAndPads
Command: "/Users/stefan/os1_repo/build-host-tests-ninja/os1_host_tests" "--gtest_filter=FixedString.CopiesTruncatesAndPads" "--gtest_also_run_disabled_tests"
Directory: /Users/stefan/os1_repo/build-host-tests-ninja
"FixedString.CopiesTruncatesAndPads" start time: Apr 30 16:55 EEST
Output:
----------------------------------------------------------
Running main() from /Users/stefan/os1_repo/third_party/googletest/googletest/src/gtest_main.cc
Note: Google Test filter = FixedString.CopiesTruncatesAndPads
[==========] Running 1 test from 1 test suite.
[----------] Global test environment set-up.
[----------] 1 test from FixedString
[ RUN      ] FixedString.CopiesTruncatesAndPads
[       OK ] FixedString.CopiesTruncatesAndPads (0 ms)
[----------] 1 test from FixedString (0 ms total)

[----------] Global test environment tear-down
[==========] 1 test from 1 test suite ran. (0 ms total)
[  PASSED  ] 1 test.
<end of output>
Test time =   0.00 sec
----------------------------------------------------------
Test Passed.
"FixedString.CopiesTruncatesAndPads" end time: Apr 30 16:55 EEST
"FixedString.CopiesTruncatesAndPads" time elapsed: 00:00:00
----------------------------------------------------------

25/86 Testing: EventRing.StartsEmpty
25/86 Test: EventRing.StartsEmpty
Command: "/Users/stefan/os1_repo/build-host-tests-ninja/os1_host_tests" "--gtest_filter=EventRing.StartsEmpty" "--gtest_also_run_disabled_tests"
Directory: /Users/stefan/os1_repo/build-host-tests-ninja
"EventRing.StartsEmpty" start time: Apr 30 16:55 EEST
Output:
----------------------------------------------------------
Running main() from /Users/stefan/os1_repo/third_party/googletest/googletest/src/gtest_main.cc
Note: Google Test filter = EventRing.StartsEmpty
[==========] Running 1 test from 1 test suite.
[----------] Global test environment set-up.
[----------] 1 test from EventRing
[ RUN      ] EventRing.StartsEmpty
[       OK ] EventRing.StartsEmpty (0 ms)
[----------] 1 test from EventRing (0 ms total)

[----------] Global test environment tear-down
[==========] 1 test from 1 test suite ran. (0 ms total)
[  PASSED  ] 1 test.
<end of output>
Test time =   0.00 sec
----------------------------------------------------------
Test Passed.
"EventRing.StartsEmpty" end time: Apr 30 16:55 EEST
"EventRing.StartsEmpty" time elapsed: 00:00:00
----------------------------------------------------------

26/86 Testing: EventRing.AppendsRecordsWithContextAndSequence
26/86 Test: EventRing.AppendsRecordsWithContextAndSequence
Command: "/Users/stefan/os1_repo/build-host-tests-ninja/os1_host_tests" "--gtest_filter=EventRing.AppendsRecordsWithContextAndSequence" "--gtest_also_run_disabled_tests"
Directory: /Users/stefan/os1_repo/build-host-tests-ninja
"EventRing.AppendsRecordsWithContextAndSequence" start time: Apr 30 16:55 EEST
Output:
----------------------------------------------------------
Running main() from /Users/stefan/os1_repo/third_party/googletest/googletest/src/gtest_main.cc
Note: Google Test filter = EventRing.AppendsRecordsWithContextAndSequence
[==========] Running 1 test from 1 test suite.
[----------] Global test environment set-up.
[----------] 1 test from EventRing
[ RUN      ] EventRing.AppendsRecordsWithContextAndSequence
[       OK ] EventRing.AppendsRecordsWithContextAndSequence (0 ms)
[----------] 1 test from EventRing (0 ms total)

[----------] Global test environment tear-down
[==========] 1 test from 1 test suite ran. (0 ms total)
[  PASSED  ] 1 test.
<end of output>
Test time =   0.00 sec
----------------------------------------------------------
Test Passed.
"EventRing.AppendsRecordsWithContextAndSequence" end time: Apr 30 16:55 EEST
"EventRing.AppendsRecordsWithContextAndSequence" time elapsed: 00:00:00
----------------------------------------------------------

27/86 Testing: EventRing.SnapshotIsOldestToNewest
27/86 Test: EventRing.SnapshotIsOldestToNewest
Command: "/Users/stefan/os1_repo/build-host-tests-ninja/os1_host_tests" "--gtest_filter=EventRing.SnapshotIsOldestToNewest" "--gtest_also_run_disabled_tests"
Directory: /Users/stefan/os1_repo/build-host-tests-ninja
"EventRing.SnapshotIsOldestToNewest" start time: Apr 30 16:55 EEST
Output:
----------------------------------------------------------
Running main() from /Users/stefan/os1_repo/third_party/googletest/googletest/src/gtest_main.cc
Note: Google Test filter = EventRing.SnapshotIsOldestToNewest
[==========] Running 1 test from 1 test suite.
[----------] Global test environment set-up.
[----------] 1 test from EventRing
[ RUN      ] EventRing.SnapshotIsOldestToNewest
[       OK ] EventRing.SnapshotIsOldestToNewest (0 ms)
[----------] 1 test from EventRing (0 ms total)

[----------] Global test environment tear-down
[==========] 1 test from 1 test suite ran. (0 ms total)
[  PASSED  ] 1 test.
<end of output>
Test time =   0.01 sec
----------------------------------------------------------
Test Passed.
"EventRing.SnapshotIsOldestToNewest" end time: Apr 30 16:55 EEST
"EventRing.SnapshotIsOldestToNewest" time elapsed: 00:00:00
----------------------------------------------------------

28/86 Testing: EventRing.WrapOverwritesOldestRecords
28/86 Test: EventRing.WrapOverwritesOldestRecords
Command: "/Users/stefan/os1_repo/build-host-tests-ninja/os1_host_tests" "--gtest_filter=EventRing.WrapOverwritesOldestRecords" "--gtest_also_run_disabled_tests"
Directory: /Users/stefan/os1_repo/build-host-tests-ninja
"EventRing.WrapOverwritesOldestRecords" start time: Apr 30 16:55 EEST
Output:
----------------------------------------------------------
Running main() from /Users/stefan/os1_repo/third_party/googletest/googletest/src/gtest_main.cc
Note: Google Test filter = EventRing.WrapOverwritesOldestRecords
[==========] Running 1 test from 1 test suite.
[----------] Global test environment set-up.
[----------] 1 test from EventRing
[ RUN      ] EventRing.WrapOverwritesOldestRecords
[       OK ] EventRing.WrapOverwritesOldestRecords (0 ms)
[----------] 1 test from EventRing (0 ms total)

[----------] Global test environment tear-down
[==========] 1 test from 1 test suite ran. (0 ms total)
[  PASSED  ] 1 test.
<end of output>
Test time =   0.01 sec
----------------------------------------------------------
Test Passed.
"EventRing.WrapOverwritesOldestRecords" end time: Apr 30 16:55 EEST
"EventRing.WrapOverwritesOldestRecords" time elapsed: 00:00:00
----------------------------------------------------------

29/86 Testing: EventRing.SmallSnapshotReturnsNewestRecords
29/86 Test: EventRing.SmallSnapshotReturnsNewestRecords
Command: "/Users/stefan/os1_repo/build-host-tests-ninja/os1_host_tests" "--gtest_filter=EventRing.SmallSnapshotReturnsNewestRecords" "--gtest_also_run_disabled_tests"
Directory: /Users/stefan/os1_repo/build-host-tests-ninja
"EventRing.SmallSnapshotReturnsNewestRecords" start time: Apr 30 16:55 EEST
Output:
----------------------------------------------------------
Running main() from /Users/stefan/os1_repo/third_party/googletest/googletest/src/gtest_main.cc
Note: Google Test filter = EventRing.SmallSnapshotReturnsNewestRecords
[==========] Running 1 test from 1 test suite.
[----------] Global test environment set-up.
[----------] 1 test from EventRing
[ RUN      ] EventRing.SmallSnapshotReturnsNewestRecords
[       OK ] EventRing.SmallSnapshotReturnsNewestRecords (0 ms)
[----------] 1 test from EventRing (0 ms total)

[----------] Global test environment tear-down
[==========] 1 test from 1 test suite ran. (0 ms total)
[  PASSED  ] 1 test.
<end of output>
Test time =   0.00 sec
----------------------------------------------------------
Test Passed.
"EventRing.SmallSnapshotReturnsNewestRecords" end time: Apr 30 16:55 EEST
"EventRing.SmallSnapshotReturnsNewestRecords" time elapsed: 00:00:00
----------------------------------------------------------

30/86 Testing: EventRing.ResetClearsRecordsAndSequence
30/86 Test: EventRing.ResetClearsRecordsAndSequence
Command: "/Users/stefan/os1_repo/build-host-tests-ninja/os1_host_tests" "--gtest_filter=EventRing.ResetClearsRecordsAndSequence" "--gtest_also_run_disabled_tests"
Directory: /Users/stefan/os1_repo/build-host-tests-ninja
"EventRing.ResetClearsRecordsAndSequence" start time: Apr 30 16:55 EEST
Output:
----------------------------------------------------------
Running main() from /Users/stefan/os1_repo/third_party/googletest/googletest/src/gtest_main.cc
Note: Google Test filter = EventRing.ResetClearsRecordsAndSequence
[==========] Running 1 test from 1 test suite.
[----------] Global test environment set-up.
[----------] 1 test from EventRing
[ RUN      ] EventRing.ResetClearsRecordsAndSequence
[       OK ] EventRing.ResetClearsRecordsAndSequence (0 ms)
[----------] 1 test from EventRing (0 ms total)

[----------] Global test environment tear-down
[==========] 1 test from 1 test suite ran. (0 ms total)
[  PASSED  ] 1 test.
<end of output>
Test time =   0.00 sec
----------------------------------------------------------
Test Passed.
"EventRing.ResetClearsRecordsAndSequence" end time: Apr 30 16:55 EEST
"EventRing.ResetClearsRecordsAndSequence" time elapsed: 00:00:00
----------------------------------------------------------

31/86 Testing: IrqRouteRegistry.RegistersLegacyRoutesByVector
31/86 Test: IrqRouteRegistry.RegistersLegacyRoutesByVector
Command: "/Users/stefan/os1_repo/build-host-tests-ninja/os1_host_tests" "--gtest_filter=IrqRouteRegistry.RegistersLegacyRoutesByVector" "--gtest_also_run_disabled_tests"
Directory: /Users/stefan/os1_repo/build-host-tests-ninja
"IrqRouteRegistry.RegistersLegacyRoutesByVector" start time: Apr 30 16:55 EEST
Output:
----------------------------------------------------------
Running main() from /Users/stefan/os1_repo/third_party/googletest/googletest/src/gtest_main.cc
Note: Google Test filter = IrqRouteRegistry.RegistersLegacyRoutesByVector
[==========] Running 1 test from 1 test suite.
[----------] Global test environment set-up.
[----------] 1 test from IrqRouteRegistry
[ RUN      ] IrqRouteRegistry.RegistersLegacyRoutesByVector
[       OK ] IrqRouteRegistry.RegistersLegacyRoutesByVector (0 ms)
[----------] 1 test from IrqRouteRegistry (0 ms total)

[----------] Global test environment tear-down
[==========] 1 test from 1 test suite ran. (0 ms total)
[  PASSED  ] 1 test.
<end of output>
Test time =   0.00 sec
----------------------------------------------------------
Test Passed.
"IrqRouteRegistry.RegistersLegacyRoutesByVector" end time: Apr 30 16:55 EEST
"IrqRouteRegistry.RegistersLegacyRoutesByVector" time elapsed: 00:00:00
----------------------------------------------------------

32/86 Testing: IrqRouteRegistry.ReleasingDynamicRouteReturnsVectorToAllocator
32/86 Test: IrqRouteRegistry.ReleasingDynamicRouteReturnsVectorToAllocator
Command: "/Users/stefan/os1_repo/build-host-tests-ninja/os1_host_tests" "--gtest_filter=IrqRouteRegistry.ReleasingDynamicRouteReturnsVectorToAllocator" "--gtest_also_run_disabled_tests"
Directory: /Users/stefan/os1_repo/build-host-tests-ninja
"IrqRouteRegistry.ReleasingDynamicRouteReturnsVectorToAllocator" start time: Apr 30 16:55 EEST
Output:
----------------------------------------------------------
Running main() from /Users/stefan/os1_repo/third_party/googletest/googletest/src/gtest_main.cc
Note: Google Test filter = IrqRouteRegistry.ReleasingDynamicRouteReturnsVectorToAllocator
[==========] Running 1 test from 1 test suite.
[----------] Global test environment set-up.
[----------] 1 test from IrqRouteRegistry
[ RUN      ] IrqRouteRegistry.ReleasingDynamicRouteReturnsVectorToAllocator
[       OK ] IrqRouteRegistry.ReleasingDynamicRouteReturnsVectorToAllocator (0 ms)
[----------] 1 test from IrqRouteRegistry (0 ms total)

[----------] Global test environment tear-down
[==========] 1 test from 1 test suite ran. (0 ms total)
[  PASSED  ] 1 test.
<end of output>
Test time =   0.00 sec
----------------------------------------------------------
Test Passed.
"IrqRouteRegistry.ReleasingDynamicRouteReturnsVectorToAllocator" end time: Apr 30 16:55 EEST
"IrqRouteRegistry.ReleasingDynamicRouteReturnsVectorToAllocator" time elapsed: 00:00:00
----------------------------------------------------------

33/86 Testing: IrqRouteRegistry.AllocatesAndReleasesLocalApicRoutes
33/86 Test: IrqRouteRegistry.AllocatesAndReleasesLocalApicRoutes
Command: "/Users/stefan/os1_repo/build-host-tests-ninja/os1_host_tests" "--gtest_filter=IrqRouteRegistry.AllocatesAndReleasesLocalApicRoutes" "--gtest_also_run_disabled_tests"
Directory: /Users/stefan/os1_repo/build-host-tests-ninja
"IrqRouteRegistry.AllocatesAndReleasesLocalApicRoutes" start time: Apr 30 16:55 EEST
Output:
----------------------------------------------------------
Running main() from /Users/stefan/os1_repo/third_party/googletest/googletest/src/gtest_main.cc
Note: Google Test filter = IrqRouteRegistry.AllocatesAndReleasesLocalApicRoutes
[==========] Running 1 test from 1 test suite.
[----------] Global test environment set-up.
[----------] 1 test from IrqRouteRegistry
[ RUN      ] IrqRouteRegistry.AllocatesAndReleasesLocalApicRoutes
[       OK ] IrqRouteRegistry.AllocatesAndReleasesLocalApicRoutes (0 ms)
[----------] 1 test from IrqRouteRegistry (0 ms total)

[----------] Global test environment tear-down
[==========] 1 test from 1 test suite ran. (0 ms total)
[  PASSED  ] 1 test.
<end of output>
Test time =   0.00 sec
----------------------------------------------------------
Test Passed.
"IrqRouteRegistry.AllocatesAndReleasesLocalApicRoutes" end time: Apr 30 16:55 EEST
"IrqRouteRegistry.AllocatesAndReleasesLocalApicRoutes" time elapsed: 00:00:00
----------------------------------------------------------

34/86 Testing: IrqRouteRegistry.DuplicateVectorsAreRejected
34/86 Test: IrqRouteRegistry.DuplicateVectorsAreRejected
Command: "/Users/stefan/os1_repo/build-host-tests-ninja/os1_host_tests" "--gtest_filter=IrqRouteRegistry.DuplicateVectorsAreRejected" "--gtest_also_run_disabled_tests"
Directory: /Users/stefan/os1_repo/build-host-tests-ninja
"IrqRouteRegistry.DuplicateVectorsAreRejected" start time: Apr 30 16:55 EEST
Output:
----------------------------------------------------------
Running main() from /Users/stefan/os1_repo/third_party/googletest/googletest/src/gtest_main.cc
Note: Google Test filter = IrqRouteRegistry.DuplicateVectorsAreRejected
[==========] Running 1 test from 1 test suite.
[----------] Global test environment set-up.
[----------] 1 test from IrqRouteRegistry
[ RUN      ] IrqRouteRegistry.DuplicateVectorsAreRejected
[       OK ] IrqRouteRegistry.DuplicateVectorsAreRejected (0 ms)
[----------] 1 test from IrqRouteRegistry (0 ms total)

[----------] Global test environment tear-down
[==========] 1 test from 1 test suite ran. (0 ms total)
[  PASSED  ] 1 test.
<end of output>
Test time =   0.00 sec
----------------------------------------------------------
Test Passed.
"IrqRouteRegistry.DuplicateVectorsAreRejected" end time: Apr 30 16:55 EEST
"IrqRouteRegistry.DuplicateVectorsAreRejected" time elapsed: 00:00:00
----------------------------------------------------------

35/86 Testing: IrqVectorAllocator.ReportsDynamicRangeAndSyscallHole
35/86 Test: IrqVectorAllocator.ReportsDynamicRangeAndSyscallHole
Command: "/Users/stefan/os1_repo/build-host-tests-ninja/os1_host_tests" "--gtest_filter=IrqVectorAllocator.ReportsDynamicRangeAndSyscallHole" "--gtest_also_run_disabled_tests"
Directory: /Users/stefan/os1_repo/build-host-tests-ninja
"IrqVectorAllocator.ReportsDynamicRangeAndSyscallHole" start time: Apr 30 16:55 EEST
Output:
----------------------------------------------------------
Running main() from /Users/stefan/os1_repo/third_party/googletest/googletest/src/gtest_main.cc
Note: Google Test filter = IrqVectorAllocator.ReportsDynamicRangeAndSyscallHole
[==========] Running 1 test from 1 test suite.
[----------] Global test environment set-up.
[----------] 1 test from IrqVectorAllocator
[ RUN      ] IrqVectorAllocator.ReportsDynamicRangeAndSyscallHole
[       OK ] IrqVectorAllocator.ReportsDynamicRangeAndSyscallHole (0 ms)
[----------] 1 test from IrqVectorAllocator (0 ms total)

[----------] Global test environment tear-down
[==========] 1 test from 1 test suite ran. (0 ms total)
[  PASSED  ] 1 test.
<end of output>
Test time =   0.00 sec
----------------------------------------------------------
Test Passed.
"IrqVectorAllocator.ReportsDynamicRangeAndSyscallHole" end time: Apr 30 16:55 EEST
"IrqVectorAllocator.ReportsDynamicRangeAndSyscallHole" time elapsed: 00:00:00
----------------------------------------------------------

36/86 Testing: IrqVectorAllocator.AllocatesLowestFreeVectorFirst
36/86 Test: IrqVectorAllocator.AllocatesLowestFreeVectorFirst
Command: "/Users/stefan/os1_repo/build-host-tests-ninja/os1_host_tests" "--gtest_filter=IrqVectorAllocator.AllocatesLowestFreeVectorFirst" "--gtest_also_run_disabled_tests"
Directory: /Users/stefan/os1_repo/build-host-tests-ninja
"IrqVectorAllocator.AllocatesLowestFreeVectorFirst" start time: Apr 30 16:55 EEST
Output:
----------------------------------------------------------
Running main() from /Users/stefan/os1_repo/third_party/googletest/googletest/src/gtest_main.cc
Note: Google Test filter = IrqVectorAllocator.AllocatesLowestFreeVectorFirst
[==========] Running 1 test from 1 test suite.
[----------] Global test environment set-up.
[----------] 1 test from IrqVectorAllocator
[ RUN      ] IrqVectorAllocator.AllocatesLowestFreeVectorFirst
[       OK ] IrqVectorAllocator.AllocatesLowestFreeVectorFirst (0 ms)
[----------] 1 test from IrqVectorAllocator (0 ms total)

[----------] Global test environment tear-down
[==========] 1 test from 1 test suite ran. (0 ms total)
[  PASSED  ] 1 test.
<end of output>
Test time =   0.00 sec
----------------------------------------------------------
Test Passed.
"IrqVectorAllocator.AllocatesLowestFreeVectorFirst" end time: Apr 30 16:55 EEST
"IrqVectorAllocator.AllocatesLowestFreeVectorFirst" time elapsed: 00:00:00
----------------------------------------------------------

37/86 Testing: IrqVectorAllocator.SkipsSyscallVectorWhenAllocating
37/86 Test: IrqVectorAllocator.SkipsSyscallVectorWhenAllocating
Command: "/Users/stefan/os1_repo/build-host-tests-ninja/os1_host_tests" "--gtest_filter=IrqVectorAllocator.SkipsSyscallVectorWhenAllocating" "--gtest_also_run_disabled_tests"
Directory: /Users/stefan/os1_repo/build-host-tests-ninja
"IrqVectorAllocator.SkipsSyscallVectorWhenAllocating" start time: Apr 30 16:55 EEST
Output:
----------------------------------------------------------
Running main() from /Users/stefan/os1_repo/third_party/googletest/googletest/src/gtest_main.cc
Note: Google Test filter = IrqVectorAllocator.SkipsSyscallVectorWhenAllocating
[==========] Running 1 test from 1 test suite.
[----------] Global test environment set-up.
[----------] 1 test from IrqVectorAllocator
[ RUN      ] IrqVectorAllocator.SkipsSyscallVectorWhenAllocating
[       OK ] IrqVectorAllocator.SkipsSyscallVectorWhenAllocating (0 ms)
[----------] 1 test from IrqVectorAllocator (0 ms total)

[----------] Global test environment tear-down
[==========] 1 test from 1 test suite ran. (0 ms total)
[  PASSED  ] 1 test.
<end of output>
Test time =   0.00 sec
----------------------------------------------------------
Test Passed.
"IrqVectorAllocator.SkipsSyscallVectorWhenAllocating" end time: Apr 30 16:55 EEST
"IrqVectorAllocator.SkipsSyscallVectorWhenAllocating" time elapsed: 00:00:00
----------------------------------------------------------

38/86 Testing: IrqVectorAllocator.ReserveAndFreeControlReuse
38/86 Test: IrqVectorAllocator.ReserveAndFreeControlReuse
Command: "/Users/stefan/os1_repo/build-host-tests-ninja/os1_host_tests" "--gtest_filter=IrqVectorAllocator.ReserveAndFreeControlReuse" "--gtest_also_run_disabled_tests"
Directory: /Users/stefan/os1_repo/build-host-tests-ninja
"IrqVectorAllocator.ReserveAndFreeControlReuse" start time: Apr 30 16:55 EEST
Output:
----------------------------------------------------------
Running main() from /Users/stefan/os1_repo/third_party/googletest/googletest/src/gtest_main.cc
Note: Google Test filter = IrqVectorAllocator.ReserveAndFreeControlReuse
[==========] Running 1 test from 1 test suite.
[----------] Global test environment set-up.
[----------] 1 test from IrqVectorAllocator
[ RUN      ] IrqVectorAllocator.ReserveAndFreeControlReuse
[       OK ] IrqVectorAllocator.ReserveAndFreeControlReuse (0 ms)
[----------] 1 test from IrqVectorAllocator (0 ms total)

[----------] Global test environment tear-down
[==========] 1 test from 1 test suite ran. (0 ms total)
[  PASSED  ] 1 test.
<end of output>
Test time =   0.00 sec
----------------------------------------------------------
Test Passed.
"IrqVectorAllocator.ReserveAndFreeControlReuse" end time: Apr 30 16:55 EEST
"IrqVectorAllocator.ReserveAndFreeControlReuse" time elapsed: 00:00:00
----------------------------------------------------------

39/86 Testing: IrqVectorAllocator.ExhaustionReturnsFalse
39/86 Test: IrqVectorAllocator.ExhaustionReturnsFalse
Command: "/Users/stefan/os1_repo/build-host-tests-ninja/os1_host_tests" "--gtest_filter=IrqVectorAllocator.ExhaustionReturnsFalse" "--gtest_also_run_disabled_tests"
Directory: /Users/stefan/os1_repo/build-host-tests-ninja
"IrqVectorAllocator.ExhaustionReturnsFalse" start time: Apr 30 16:55 EEST
Output:
----------------------------------------------------------
Running main() from /Users/stefan/os1_repo/third_party/googletest/googletest/src/gtest_main.cc
Note: Google Test filter = IrqVectorAllocator.ExhaustionReturnsFalse
[==========] Running 1 test from 1 test suite.
[----------] Global test environment set-up.
[----------] 1 test from IrqVectorAllocator
[ RUN      ] IrqVectorAllocator.ExhaustionReturnsFalse
[       OK ] IrqVectorAllocator.ExhaustionReturnsFalse (0 ms)
[----------] 1 test from IrqVectorAllocator (0 ms total)

[----------] Global test environment tear-down
[==========] 1 test from 1 test suite ran. (0 ms total)
[  PASSED  ] 1 test.
<end of output>
Test time =   0.00 sec
----------------------------------------------------------
Test Passed.
"IrqVectorAllocator.ExhaustionReturnsFalse" end time: Apr 30 16:55 EEST
"IrqVectorAllocator.ExhaustionReturnsFalse" time elapsed: 00:00:00
----------------------------------------------------------

40/86 Testing: TimerSource.PitModeMatchesLegacyTimerOnly
40/86 Test: TimerSource.PitModeMatchesLegacyTimerOnly
Command: "/Users/stefan/os1_repo/build-host-tests-ninja/os1_host_tests" "--gtest_filter=TimerSource.PitModeMatchesLegacyTimerOnly" "--gtest_also_run_disabled_tests"
Directory: /Users/stefan/os1_repo/build-host-tests-ninja
"TimerSource.PitModeMatchesLegacyTimerOnly" start time: Apr 30 16:55 EEST
Output:
----------------------------------------------------------
Running main() from /Users/stefan/os1_repo/third_party/googletest/googletest/src/gtest_main.cc
Note: Google Test filter = TimerSource.PitModeMatchesLegacyTimerOnly
[==========] Running 1 test from 1 test suite.
[----------] Global test environment set-up.
[----------] 1 test from TimerSource
[ RUN      ] TimerSource.PitModeMatchesLegacyTimerOnly
[       OK ] TimerSource.PitModeMatchesLegacyTimerOnly (0 ms)
[----------] 1 test from TimerSource (0 ms total)

[----------] Global test environment tear-down
[==========] 1 test from 1 test suite ran. (0 ms total)
[  PASSED  ] 1 test.
<end of output>
Test time =   0.00 sec
----------------------------------------------------------
Test Passed.
"TimerSource.PitModeMatchesLegacyTimerOnly" end time: Apr 30 16:55 EEST
"TimerSource.PitModeMatchesLegacyTimerOnly" time elapsed: 00:00:00
----------------------------------------------------------

41/86 Testing: TimerSource.LapicModeMatchesLocalApicTimerRoute
41/86 Test: TimerSource.LapicModeMatchesLocalApicTimerRoute
Command: "/Users/stefan/os1_repo/build-host-tests-ninja/os1_host_tests" "--gtest_filter=TimerSource.LapicModeMatchesLocalApicTimerRoute" "--gtest_also_run_disabled_tests"
Directory: /Users/stefan/os1_repo/build-host-tests-ninja
"TimerSource.LapicModeMatchesLocalApicTimerRoute" start time: Apr 30 16:55 EEST
Output:
----------------------------------------------------------
Running main() from /Users/stefan/os1_repo/third_party/googletest/googletest/src/gtest_main.cc
Note: Google Test filter = TimerSource.LapicModeMatchesLocalApicTimerRoute
[==========] Running 1 test from 1 test suite.
[----------] Global test environment set-up.
[----------] 1 test from TimerSource
[ RUN      ] TimerSource.LapicModeMatchesLocalApicTimerRoute
[       OK ] TimerSource.LapicModeMatchesLocalApicTimerRoute (0 ms)
[----------] 1 test from TimerSource (0 ms total)

[----------] Global test environment tear-down
[==========] 1 test from 1 test suite ran. (0 ms total)
[  PASSED  ] 1 test.
<end of output>
Test time =   0.00 sec
----------------------------------------------------------
Test Passed.
"TimerSource.LapicModeMatchesLocalApicTimerRoute" end time: Apr 30 16:55 EEST
"TimerSource.LapicModeMatchesLocalApicTimerRoute" time elapsed: 00:00:00
----------------------------------------------------------

42/86 Testing: TimerSource.LapicModeRejectsNonTimerLocalApicRoute
42/86 Test: TimerSource.LapicModeRejectsNonTimerLocalApicRoute
Command: "/Users/stefan/os1_repo/build-host-tests-ninja/os1_host_tests" "--gtest_filter=TimerSource.LapicModeRejectsNonTimerLocalApicRoute" "--gtest_also_run_disabled_tests"
Directory: /Users/stefan/os1_repo/build-host-tests-ninja
"TimerSource.LapicModeRejectsNonTimerLocalApicRoute" start time: Apr 30 16:55 EEST
Output:
----------------------------------------------------------
Running main() from /Users/stefan/os1_repo/third_party/googletest/googletest/src/gtest_main.cc
Note: Google Test filter = TimerSource.LapicModeRejectsNonTimerLocalApicRoute
[==========] Running 1 test from 1 test suite.
[----------] Global test environment set-up.
[----------] 1 test from TimerSource
[ RUN      ] TimerSource.LapicModeRejectsNonTimerLocalApicRoute
[       OK ] TimerSource.LapicModeRejectsNonTimerLocalApicRoute (0 ms)
[----------] 1 test from TimerSource (0 ms total)

[----------] Global test environment tear-down
[==========] 1 test from 1 test suite ran. (0 ms total)
[  PASSED  ] 1 test.
<end of output>
Test time =   0.00 sec
----------------------------------------------------------
Test Passed.
"TimerSource.LapicModeRejectsNonTimerLocalApicRoute" end time: Apr 30 16:55 EEST
"TimerSource.LapicModeRejectsNonTimerLocalApicRoute" time elapsed: 00:00:00
----------------------------------------------------------

43/86 Testing: PciDriverRegistry.MatchesClassSubclassAndProgIf
43/86 Test: PciDriverRegistry.MatchesClassSubclassAndProgIf
Command: "/Users/stefan/os1_repo/build-host-tests-ninja/os1_host_tests" "--gtest_filter=PciDriverRegistry.MatchesClassSubclassAndProgIf" "--gtest_also_run_disabled_tests"
Directory: /Users/stefan/os1_repo/build-host-tests-ninja
"PciDriverRegistry.MatchesClassSubclassAndProgIf" start time: Apr 30 16:55 EEST
Output:
----------------------------------------------------------
Running main() from /Users/stefan/os1_repo/third_party/googletest/googletest/src/gtest_main.cc
Note: Google Test filter = PciDriverRegistry.MatchesClassSubclassAndProgIf
[==========] Running 1 test from 1 test suite.
[----------] Global test environment set-up.
[----------] 1 test from PciDriverRegistry
[ RUN      ] PciDriverRegistry.MatchesClassSubclassAndProgIf
[       OK ] PciDriverRegistry.MatchesClassSubclassAndProgIf (0 ms)
[----------] 1 test from PciDriverRegistry (0 ms total)

[----------] Global test environment tear-down
[==========] 1 test from 1 test suite ran. (0 ms total)
[  PASSED  ] 1 test.
<end of output>
Test time =   0.00 sec
----------------------------------------------------------
Test Passed.
"PciDriverRegistry.MatchesClassSubclassAndProgIf" end time: Apr 30 16:55 EEST
"PciDriverRegistry.MatchesClassSubclassAndProgIf" time elapsed: 00:00:00
----------------------------------------------------------

44/86 Testing: PciBus.OnlyProbesMatchingDriver
44/86 Test: PciBus.OnlyProbesMatchingDriver
Command: "/Users/stefan/os1_repo/build-host-tests-ninja/os1_host_tests" "--gtest_filter=PciBus.OnlyProbesMatchingDriver" "--gtest_also_run_disabled_tests"
Directory: /Users/stefan/os1_repo/build-host-tests-ninja
"PciBus.OnlyProbesMatchingDriver" start time: Apr 30 16:55 EEST
Output:
----------------------------------------------------------
Running main() from /Users/stefan/os1_repo/third_party/googletest/googletest/src/gtest_main.cc
Note: Google Test filter = PciBus.OnlyProbesMatchingDriver
[==========] Running 1 test from 1 test suite.
[----------] Global test environment set-up.
[----------] 1 test from PciBus
[ RUN      ] PciBus.OnlyProbesMatchingDriver
[       OK ] PciBus.OnlyProbesMatchingDriver (85 ms)
[----------] 1 test from PciBus (86 ms total)

[----------] Global test environment tear-down
[==========] 1 test from 1 test suite ran. (86 ms total)
[  PASSED  ] 1 test.
<end of output>
Test time =   0.09 sec
----------------------------------------------------------
Test Passed.
"PciBus.OnlyProbesMatchingDriver" end time: Apr 30 16:55 EEST
"PciBus.OnlyProbesMatchingDriver" time elapsed: 00:00:00
----------------------------------------------------------

45/86 Testing: PciBus.MatchingProbeFailureFailsBusProbe
45/86 Test: PciBus.MatchingProbeFailureFailsBusProbe
Command: "/Users/stefan/os1_repo/build-host-tests-ninja/os1_host_tests" "--gtest_filter=PciBus.MatchingProbeFailureFailsBusProbe" "--gtest_also_run_disabled_tests"
Directory: /Users/stefan/os1_repo/build-host-tests-ninja
"PciBus.MatchingProbeFailureFailsBusProbe" start time: Apr 30 16:55 EEST
Output:
----------------------------------------------------------
Running main() from /Users/stefan/os1_repo/third_party/googletest/googletest/src/gtest_main.cc
Note: Google Test filter = PciBus.MatchingProbeFailureFailsBusProbe
[==========] Running 1 test from 1 test suite.
[----------] Global test environment set-up.
[----------] 1 test from PciBus
[ RUN      ] PciBus.MatchingProbeFailureFailsBusProbe
[       OK ] PciBus.MatchingProbeFailureFailsBusProbe (84 ms)
[----------] 1 test from PciBus (84 ms total)

[----------] Global test environment tear-down
[==========] 1 test from 1 test suite ran. (84 ms total)
[  PASSED  ] 1 test.
<end of output>
Test time =   0.09 sec
----------------------------------------------------------
Test Passed.
"PciBus.MatchingProbeFailureFailsBusProbe" end time: Apr 30 16:55 EEST
"PciBus.MatchingProbeFailureFailsBusProbe" time elapsed: 00:00:00
----------------------------------------------------------

46/86 Testing: PciBus.RemoveMatchesDriverNameByContentAndReleasesResources
46/86 Test: PciBus.RemoveMatchesDriverNameByContentAndReleasesResources
Command: "/Users/stefan/os1_repo/build-host-tests-ninja/os1_host_tests" "--gtest_filter=PciBus.RemoveMatchesDriverNameByContentAndReleasesResources" "--gtest_also_run_disabled_tests"
Directory: /Users/stefan/os1_repo/build-host-tests-ninja
"PciBus.RemoveMatchesDriverNameByContentAndReleasesResources" start time: Apr 30 16:55 EEST
Output:
----------------------------------------------------------
Running main() from /Users/stefan/os1_repo/third_party/googletest/googletest/src/gtest_main.cc
Note: Google Test filter = PciBus.RemoveMatchesDriverNameByContentAndReleasesResources
[==========] Running 1 test from 1 test suite.
[----------] Global test environment set-up.
[----------] 1 test from PciBus
[ RUN      ] PciBus.RemoveMatchesDriverNameByContentAndReleasesResources
[       OK ] PciBus.RemoveMatchesDriverNameByContentAndReleasesResources (84 ms)
[----------] 1 test from PciBus (84 ms total)

[----------] Global test environment tear-down
[==========] 1 test from 1 test suite ran. (84 ms total)
[  PASSED  ] 1 test.
<end of output>
Test time =   0.09 sec
----------------------------------------------------------
Test Passed.
"PciBus.RemoveMatchesDriverNameByContentAndReleasesResources" end time: Apr 30 16:55 EEST
"PciBus.RemoveMatchesDriverNameByContentAndReleasesResources" time elapsed: 00:00:00
----------------------------------------------------------

47/86 Testing: PciCapability.ParsesMsixCapabilityFields
47/86 Test: PciCapability.ParsesMsixCapabilityFields
Command: "/Users/stefan/os1_repo/build-host-tests-ninja/os1_host_tests" "--gtest_filter=PciCapability.ParsesMsixCapabilityFields" "--gtest_also_run_disabled_tests"
Directory: /Users/stefan/os1_repo/build-host-tests-ninja
"PciCapability.ParsesMsixCapabilityFields" start time: Apr 30 16:55 EEST
Output:
----------------------------------------------------------
Running main() from /Users/stefan/os1_repo/third_party/googletest/googletest/src/gtest_main.cc
Note: Google Test filter = PciCapability.ParsesMsixCapabilityFields
[==========] Running 1 test from 1 test suite.
[----------] Global test environment set-up.
[----------] 1 test from PciCapability
[ RUN      ] PciCapability.ParsesMsixCapabilityFields
[       OK ] PciCapability.ParsesMsixCapabilityFields (0 ms)
[----------] 1 test from PciCapability (0 ms total)

[----------] Global test environment tear-down
[==========] 1 test from 1 test suite ran. (0 ms total)
[  PASSED  ] 1 test.
<end of output>
Test time =   0.00 sec
----------------------------------------------------------
Test Passed.
"PciCapability.ParsesMsixCapabilityFields" end time: Apr 30 16:55 EEST
"PciCapability.ParsesMsixCapabilityFields" time elapsed: 00:00:00
----------------------------------------------------------

48/86 Testing: PciCapability.ParsesMsiCapabilityFields
48/86 Test: PciCapability.ParsesMsiCapabilityFields
Command: "/Users/stefan/os1_repo/build-host-tests-ninja/os1_host_tests" "--gtest_filter=PciCapability.ParsesMsiCapabilityFields" "--gtest_also_run_disabled_tests"
Directory: /Users/stefan/os1_repo/build-host-tests-ninja
"PciCapability.ParsesMsiCapabilityFields" start time: Apr 30 16:55 EEST
Output:
----------------------------------------------------------
Running main() from /Users/stefan/os1_repo/third_party/googletest/googletest/src/gtest_main.cc
Note: Google Test filter = PciCapability.ParsesMsiCapabilityFields
[==========] Running 1 test from 1 test suite.
[----------] Global test environment set-up.
[----------] 1 test from PciCapability
[ RUN      ] PciCapability.ParsesMsiCapabilityFields
[       OK ] PciCapability.ParsesMsiCapabilityFields (0 ms)
[----------] 1 test from PciCapability (0 ms total)

[----------] Global test environment tear-down
[==========] 1 test from 1 test suite ran. (0 ms total)
[  PASSED  ] 1 test.
<end of output>
Test time =   0.00 sec
----------------------------------------------------------
Test Passed.
"PciCapability.ParsesMsiCapabilityFields" end time: Apr 30 16:55 EEST
"PciCapability.ParsesMsiCapabilityFields" time elapsed: 00:00:00
----------------------------------------------------------

49/86 Testing: PciCapability.MissingCapabilityReturnsFalse
49/86 Test: PciCapability.MissingCapabilityReturnsFalse
Command: "/Users/stefan/os1_repo/build-host-tests-ninja/os1_host_tests" "--gtest_filter=PciCapability.MissingCapabilityReturnsFalse" "--gtest_also_run_disabled_tests"
Directory: /Users/stefan/os1_repo/build-host-tests-ninja
"PciCapability.MissingCapabilityReturnsFalse" start time: Apr 30 16:55 EEST
Output:
----------------------------------------------------------
Running main() from /Users/stefan/os1_repo/third_party/googletest/googletest/src/gtest_main.cc
Note: Google Test filter = PciCapability.MissingCapabilityReturnsFalse
[==========] Running 1 test from 1 test suite.
[----------] Global test environment set-up.
[----------] 1 test from PciCapability
[ RUN      ] PciCapability.MissingCapabilityReturnsFalse
[       OK ] PciCapability.MissingCapabilityReturnsFalse (0 ms)
[----------] 1 test from PciCapability (0 ms total)

[----------] Global test environment tear-down
[==========] 1 test from 1 test suite ran. (0 ms total)
[  PASSED  ] 1 test.
<end of output>
Test time =   0.00 sec
----------------------------------------------------------
Test Passed.
"PciCapability.MissingCapabilityReturnsFalse" end time: Apr 30 16:55 EEST
"PciCapability.MissingCapabilityReturnsFalse" time elapsed: 00:00:00
----------------------------------------------------------

50/86 Testing: PciMsi.BuildsX86MessageAddressAndData
50/86 Test: PciMsi.BuildsX86MessageAddressAndData
Command: "/Users/stefan/os1_repo/build-host-tests-ninja/os1_host_tests" "--gtest_filter=PciMsi.BuildsX86MessageAddressAndData" "--gtest_also_run_disabled_tests"
Directory: /Users/stefan/os1_repo/build-host-tests-ninja
"PciMsi.BuildsX86MessageAddressAndData" start time: Apr 30 16:55 EEST
Output:
----------------------------------------------------------
Running main() from /Users/stefan/os1_repo/third_party/googletest/googletest/src/gtest_main.cc
Note: Google Test filter = PciMsi.BuildsX86MessageAddressAndData
[==========] Running 1 test from 1 test suite.
[----------] Global test environment set-up.
[----------] 1 test from PciMsi
[ RUN      ] PciMsi.BuildsX86MessageAddressAndData
[       OK ] PciMsi.BuildsX86MessageAddressAndData (0 ms)
[----------] 1 test from PciMsi (0 ms total)

[----------] Global test environment tear-down
[==========] 1 test from 1 test suite ran. (0 ms total)
[  PASSED  ] 1 test.
<end of output>
Test time =   0.00 sec
----------------------------------------------------------
Test Passed.
"PciMsi.BuildsX86MessageAddressAndData" end time: Apr 30 16:55 EEST
"PciMsi.BuildsX86MessageAddressAndData" time elapsed: 00:00:00
----------------------------------------------------------

51/86 Testing: PciMsi.WritesMsixTableEntry
51/86 Test: PciMsi.WritesMsixTableEntry
Command: "/Users/stefan/os1_repo/build-host-tests-ninja/os1_host_tests" "--gtest_filter=PciMsi.WritesMsixTableEntry" "--gtest_also_run_disabled_tests"
Directory: /Users/stefan/os1_repo/build-host-tests-ninja
"PciMsi.WritesMsixTableEntry" start time: Apr 30 16:55 EEST
Output:
----------------------------------------------------------
Running main() from /Users/stefan/os1_repo/third_party/googletest/googletest/src/gtest_main.cc
Note: Google Test filter = PciMsi.WritesMsixTableEntry
[==========] Running 1 test from 1 test suite.
[----------] Global test environment set-up.
[----------] 1 test from PciMsi
[ RUN      ] PciMsi.WritesMsixTableEntry
[       OK ] PciMsi.WritesMsixTableEntry (0 ms)
[----------] 1 test from PciMsi (0 ms total)

[----------] Global test environment tear-down
[==========] 1 test from 1 test suite ran. (0 ms total)
[  PASSED  ] 1 test.
<end of output>
Test time =   0.00 sec
----------------------------------------------------------
Test Passed.
"PciMsi.WritesMsixTableEntry" end time: Apr 30 16:55 EEST
"PciMsi.WritesMsixTableEntry" time elapsed: 00:00:00
----------------------------------------------------------

52/86 Testing: PciResource.ClaimIsIdempotentForSameOwner
52/86 Test: PciResource.ClaimIsIdempotentForSameOwner
Command: "/Users/stefan/os1_repo/build-host-tests-ninja/os1_host_tests" "--gtest_filter=PciResource.ClaimIsIdempotentForSameOwner" "--gtest_also_run_disabled_tests"
Directory: /Users/stefan/os1_repo/build-host-tests-ninja
"PciResource.ClaimIsIdempotentForSameOwner" start time: Apr 30 16:55 EEST
Output:
----------------------------------------------------------
Running main() from /Users/stefan/os1_repo/third_party/googletest/googletest/src/gtest_main.cc
Note: Google Test filter = PciResource.ClaimIsIdempotentForSameOwner
[==========] Running 1 test from 1 test suite.
[----------] Global test environment set-up.
[----------] 1 test from PciResource
[ RUN      ] PciResource.ClaimIsIdempotentForSameOwner
[       OK ] PciResource.ClaimIsIdempotentForSameOwner (0 ms)
[----------] 1 test from PciResource (0 ms total)

[----------] Global test environment tear-down
[==========] 1 test from 1 test suite ran. (0 ms total)
[  PASSED  ] 1 test.
<end of output>
Test time =   0.00 sec
----------------------------------------------------------
Test Passed.
"PciResource.ClaimIsIdempotentForSameOwner" end time: Apr 30 16:55 EEST
"PciResource.ClaimIsIdempotentForSameOwner" time elapsed: 00:00:00
----------------------------------------------------------

53/86 Testing: PciResource.ClaimRejectsDifferentOwner
53/86 Test: PciResource.ClaimRejectsDifferentOwner
Command: "/Users/stefan/os1_repo/build-host-tests-ninja/os1_host_tests" "--gtest_filter=PciResource.ClaimRejectsDifferentOwner" "--gtest_also_run_disabled_tests"
Directory: /Users/stefan/os1_repo/build-host-tests-ninja
"PciResource.ClaimRejectsDifferentOwner" start time: Apr 30 16:55 EEST
Output:
----------------------------------------------------------
Running main() from /Users/stefan/os1_repo/third_party/googletest/googletest/src/gtest_main.cc
Note: Google Test filter = PciResource.ClaimRejectsDifferentOwner
[==========] Running 1 test from 1 test suite.
[----------] Global test environment set-up.
[----------] 1 test from PciResource
[ RUN      ] PciResource.ClaimRejectsDifferentOwner
[       OK ] PciResource.ClaimRejectsDifferentOwner (0 ms)
[----------] 1 test from PciResource (0 ms total)

[----------] Global test environment tear-down
[==========] 1 test from 1 test suite ran. (0 ms total)
[  PASSED  ] 1 test.
<end of output>
Test time =   0.00 sec
----------------------------------------------------------
Test Passed.
"PciResource.ClaimRejectsDifferentOwner" end time: Apr 30 16:55 EEST
"PciResource.ClaimRejectsDifferentOwner" time elapsed: 00:00:00
----------------------------------------------------------

54/86 Testing: PciResource.ReleaseMakesClaimInactive
54/86 Test: PciResource.ReleaseMakesClaimInactive
Command: "/Users/stefan/os1_repo/build-host-tests-ninja/os1_host_tests" "--gtest_filter=PciResource.ReleaseMakesClaimInactive" "--gtest_also_run_disabled_tests"
Directory: /Users/stefan/os1_repo/build-host-tests-ninja
"PciResource.ReleaseMakesClaimInactive" start time: Apr 30 16:55 EEST
Output:
----------------------------------------------------------
Running main() from /Users/stefan/os1_repo/third_party/googletest/googletest/src/gtest_main.cc
Note: Google Test filter = PciResource.ReleaseMakesClaimInactive
[==========] Running 1 test from 1 test suite.
[----------] Global test environment set-up.
[----------] 1 test from PciResource
[ RUN      ] PciResource.ReleaseMakesClaimInactive
[       OK ] PciResource.ReleaseMakesClaimInactive (0 ms)
[----------] 1 test from PciResource (0 ms total)

[----------] Global test environment tear-down
[==========] 1 test from 1 test suite ran. (0 ms total)
[  PASSED  ] 1 test.
<end of output>
Test time =   0.00 sec
----------------------------------------------------------
Test Passed.
"PciResource.ReleaseMakesClaimInactive" end time: Apr 30 16:55 EEST
"PciResource.ReleaseMakesClaimInactive" time elapsed: 00:00:00
----------------------------------------------------------

55/86 Testing: HidKeyboard.ConvertsSingleKeyPressToAscii
55/86 Test: HidKeyboard.ConvertsSingleKeyPressToAscii
Command: "/Users/stefan/os1_repo/build-host-tests-ninja/os1_host_tests" "--gtest_filter=HidKeyboard.ConvertsSingleKeyPressToAscii" "--gtest_also_run_disabled_tests"
Directory: /Users/stefan/os1_repo/build-host-tests-ninja
"HidKeyboard.ConvertsSingleKeyPressToAscii" start time: Apr 30 16:55 EEST
Output:
----------------------------------------------------------
Running main() from /Users/stefan/os1_repo/third_party/googletest/googletest/src/gtest_main.cc
Note: Google Test filter = HidKeyboard.ConvertsSingleKeyPressToAscii
[==========] Running 1 test from 1 test suite.
[----------] Global test environment set-up.
[----------] 1 test from HidKeyboard
[ RUN      ] HidKeyboard.ConvertsSingleKeyPressToAscii
[       OK ] HidKeyboard.ConvertsSingleKeyPressToAscii (0 ms)
[----------] 1 test from HidKeyboard (0 ms total)

[----------] Global test environment tear-down
[==========] 1 test from 1 test suite ran. (0 ms total)
[  PASSED  ] 1 test.
<end of output>
Test time =   0.00 sec
----------------------------------------------------------
Test Passed.
"HidKeyboard.ConvertsSingleKeyPressToAscii" end time: Apr 30 16:55 EEST
"HidKeyboard.ConvertsSingleKeyPressToAscii" time elapsed: 00:00:00
----------------------------------------------------------

56/86 Testing: HidKeyboard.SuppressesRepeatedHeldKeys
56/86 Test: HidKeyboard.SuppressesRepeatedHeldKeys
Command: "/Users/stefan/os1_repo/build-host-tests-ninja/os1_host_tests" "--gtest_filter=HidKeyboard.SuppressesRepeatedHeldKeys" "--gtest_also_run_disabled_tests"
Directory: /Users/stefan/os1_repo/build-host-tests-ninja
"HidKeyboard.SuppressesRepeatedHeldKeys" start time: Apr 30 16:55 EEST
Output:
----------------------------------------------------------
Running main() from /Users/stefan/os1_repo/third_party/googletest/googletest/src/gtest_main.cc
Note: Google Test filter = HidKeyboard.SuppressesRepeatedHeldKeys
[==========] Running 1 test from 1 test suite.
[----------] Global test environment set-up.
[----------] 1 test from HidKeyboard
[ RUN      ] HidKeyboard.SuppressesRepeatedHeldKeys
[       OK ] HidKeyboard.SuppressesRepeatedHeldKeys (0 ms)
[----------] 1 test from HidKeyboard (0 ms total)

[----------] Global test environment tear-down
[==========] 1 test from 1 test suite ran. (0 ms total)
[  PASSED  ] 1 test.
<end of output>
Test time =   0.00 sec
----------------------------------------------------------
Test Passed.
"HidKeyboard.SuppressesRepeatedHeldKeys" end time: Apr 30 16:55 EEST
"HidKeyboard.SuppressesRepeatedHeldKeys" time elapsed: 00:00:00
----------------------------------------------------------

57/86 Testing: HidKeyboard.TracksShiftedCharacters
57/86 Test: HidKeyboard.TracksShiftedCharacters
Command: "/Users/stefan/os1_repo/build-host-tests-ninja/os1_host_tests" "--gtest_filter=HidKeyboard.TracksShiftedCharacters" "--gtest_also_run_disabled_tests"
Directory: /Users/stefan/os1_repo/build-host-tests-ninja
"HidKeyboard.TracksShiftedCharacters" start time: Apr 30 16:55 EEST
Output:
----------------------------------------------------------
Running main() from /Users/stefan/os1_repo/third_party/googletest/googletest/src/gtest_main.cc
Note: Google Test filter = HidKeyboard.TracksShiftedCharacters
[==========] Running 1 test from 1 test suite.
[----------] Global test environment set-up.
[----------] 1 test from HidKeyboard
[ RUN      ] HidKeyboard.TracksShiftedCharacters
[       OK ] HidKeyboard.TracksShiftedCharacters (0 ms)
[----------] 1 test from HidKeyboard (0 ms total)

[----------] Global test environment tear-down
[==========] 1 test from 1 test suite ran. (0 ms total)
[  PASSED  ] 1 test.
<end of output>
Test time =   0.00 sec
----------------------------------------------------------
Test Passed.
"HidKeyboard.TracksShiftedCharacters" end time: Apr 30 16:55 EEST
"HidKeyboard.TracksShiftedCharacters" time elapsed: 00:00:00
[...]
Note: Google Test filter = UserAddressPolicy.CanonicalAddressValidation
[==========] Running 1 test from 1 test suite.
[----------] Global test environment set-up.
[----------] 1 test from UserAddressPolicy
[ RUN      ] UserAddressPolicy.CanonicalAddressValidation
[       OK ] UserAddressPolicy.CanonicalAddressValidation (0 ms)
[----------] 1 test from UserAddressPolicy (0 ms total)

[----------] Global test environment tear-down
[==========] 1 test from 1 test suite ran. (0 ms total)
[  PASSED  ] 1 test.
<end of output>
Test time =   0.01 sec
----------------------------------------------------------
Test Passed.
"UserAddressPolicy.CanonicalAddressValidation" end time: Apr 30 16:55 EEST
"UserAddressPolicy.CanonicalAddressValidation" time elapsed: 00:00:00
----------------------------------------------------------

73/86 Testing: UserAddressPolicy.UserRangeValidation
73/86 Test: UserAddressPolicy.UserRangeValidation
Command: "/Users/stefan/os1_repo/build-host-tests-ninja/os1_host_tests" "--gtest_filter=UserAddressPolicy.UserRangeValidation" "--gtest_also_run_disabled_tests"
Directory: /Users/stefan/os1_repo/build-host-tests-ninja
"UserAddressPolicy.UserRangeValidation" start time: Apr 30 16:55 EEST
Output:
----------------------------------------------------------
Running main() from /Users/stefan/os1_repo/third_party/googletest/googletest/src/gtest_main.cc
Note: Google Test filter = UserAddressPolicy.UserRangeValidation
[==========] Running 1 test from 1 test suite.
[----------] Global test environment set-up.
[----------] 1 test from UserAddressPolicy
[ RUN      ] UserAddressPolicy.UserRangeValidation
[       OK ] UserAddressPolicy.UserRangeValidation (0 ms)
[----------] 1 test from UserAddressPolicy (0 ms total)

[----------] Global test environment tear-down
[==========] 1 test from 1 test suite ran. (0 ms total)
[  PASSED  ] 1 test.
<end of output>
Test time =   0.00 sec
----------------------------------------------------------
Test Passed.
"UserAddressPolicy.UserRangeValidation" end time: Apr 30 16:55 EEST
"UserAddressPolicy.UserRangeValidation" time elapsed: 00:00:00
----------------------------------------------------------

74/86 Testing: UserAddressPolicy.PagePermissionValidation
74/86 Test: UserAddressPolicy.PagePermissionValidation
Command: "/Users/stefan/os1_repo/build-host-tests-ninja/os1_host_tests" "--gtest_filter=UserAddressPolicy.PagePermissionValidation" "--gtest_also_run_disabled_tests"
Directory: /Users/stefan/os1_repo/build-host-tests-ninja
"UserAddressPolicy.PagePermissionValidation" start time: Apr 30 16:55 EEST
Output:
----------------------------------------------------------
Running main() from /Users/stefan/os1_repo/third_party/googletest/googletest/src/gtest_main.cc
Note: Google Test filter = UserAddressPolicy.PagePermissionValidation
[==========] Running 1 test from 1 test suite.
[----------] Global test environment set-up.
[----------] 1 test from UserAddressPolicy
[ RUN      ] UserAddressPolicy.PagePermissionValidation
[       OK ] UserAddressPolicy.PagePermissionValidation (0 ms)
[----------] 1 test from UserAddressPolicy (0 ms total)

[----------] Global test environment tear-down
[==========] 1 test from 1 test suite ran. (0 ms total)
[  PASSED  ] 1 test.
<end of output>
Test time =   0.00 sec
----------------------------------------------------------
Test Passed.
"UserAddressPolicy.PagePermissionValidation" end time: Apr 30 16:55 EEST
"UserAddressPolicy.PagePermissionValidation" time elapsed: 00:00:00
----------------------------------------------------------

75/86 Testing: VirtualMemory.RejectsInvalidMapRequests
75/86 Test: VirtualMemory.RejectsInvalidMapRequests
Command: "/Users/stefan/os1_repo/build-host-tests-ninja/os1_host_tests" "--gtest_filter=VirtualMemory.RejectsInvalidMapRequests" "--gtest_also_run_disabled_tests"
Directory: /Users/stefan/os1_repo/build-host-tests-ninja
"VirtualMemory.RejectsInvalidMapRequests" start time: Apr 30 16:55 EEST
Output:
----------------------------------------------------------
Running main() from /Users/stefan/os1_repo/third_party/googletest/googletest/src/gtest_main.cc
Note: Google Test filter = VirtualMemory.RejectsInvalidMapRequests
[==========] Running 1 test from 1 test suite.
[----------] Global test environment set-up.
[----------] 1 test from VirtualMemory
[ RUN      ] VirtualMemory.RejectsInvalidMapRequests
[       OK ] VirtualMemory.RejectsInvalidMapRequests (170 ms)
[----------] 1 test from VirtualMemory (170 ms total)

[----------] Global test environment tear-down
[==========] 1 test from 1 test suite ran. (170 ms total)
[  PASSED  ] 1 test.
<end of output>
Test time =   0.18 sec
----------------------------------------------------------
Test Passed.
"VirtualMemory.RejectsInvalidMapRequests" end time: Apr 30 16:55 EEST
"VirtualMemory.RejectsInvalidMapRequests" time elapsed: 00:00:00
----------------------------------------------------------

76/86 Testing: VirtualMemory.MapsProtectsAndTranslatesPages
76/86 Test: VirtualMemory.MapsProtectsAndTranslatesPages
Command: "/Users/stefan/os1_repo/build-host-tests-ninja/os1_host_tests" "--gtest_filter=VirtualMemory.MapsProtectsAndTranslatesPages" "--gtest_also_run_disabled_tests"
Directory: /Users/stefan/os1_repo/build-host-tests-ninja
"VirtualMemory.MapsProtectsAndTranslatesPages" start time: Apr 30 16:55 EEST
Output:
----------------------------------------------------------
Running main() from /Users/stefan/os1_repo/third_party/googletest/googletest/src/gtest_main.cc
Note: Google Test filter = VirtualMemory.MapsProtectsAndTranslatesPages
[==========] Running 1 test from 1 test suite.
[----------] Global test environment set-up.
[----------] 1 test from VirtualMemory
[ RUN      ] VirtualMemory.MapsProtectsAndTranslatesPages
[       OK ] VirtualMemory.MapsProtectsAndTranslatesPages (169 ms)
[----------] 1 test from VirtualMemory (169 ms total)

[----------] Global test environment tear-down
[==========] 1 test from 1 test suite ran. (169 ms total)
[  PASSED  ] 1 test.
<end of output>
Test time =   0.18 sec
----------------------------------------------------------
Test Passed.
"VirtualMemory.MapsProtectsAndTranslatesPages" end time: Apr 30 16:55 EEST
"VirtualMemory.MapsProtectsAndTranslatesPages" time elapsed: 00:00:00
----------------------------------------------------------

77/86 Testing: VirtualMemory.AllocatesAndDestroysUserSlot
77/86 Test: VirtualMemory.AllocatesAndDestroysUserSlot
Command: "/Users/stefan/os1_repo/build-host-tests-ninja/os1_host_tests" "--gtest_filter=VirtualMemory.AllocatesAndDestroysUserSlot" "--gtest_also_run_disabled_tests"
Directory: /Users/stefan/os1_repo/build-host-tests-ninja
"VirtualMemory.AllocatesAndDestroysUserSlot" start time: Apr 30 16:55 EEST
Output:
----------------------------------------------------------
Running main() from /Users/stefan/os1_repo/third_party/googletest/googletest/src/gtest_main.cc
Note: Google Test filter = VirtualMemory.AllocatesAndDestroysUserSlot
[==========] Running 1 test from 1 test suite.
[----------] Global test environment set-up.
[----------] 1 test from VirtualMemory
[ RUN      ] VirtualMemory.AllocatesAndDestroysUserSlot
[       OK ] VirtualMemory.AllocatesAndDestroysUserSlot (168 ms)
[----------] 1 test from VirtualMemory (168 ms total)

[----------] Global test environment tear-down
[==========] 1 test from 1 test suite ran. (168 ms total)
[  PASSED  ] 1 test.
<end of output>
Test time =   0.17 sec
----------------------------------------------------------
Test Passed.
"VirtualMemory.AllocatesAndDestroysUserSlot" end time: Apr 30 16:55 EEST
"VirtualMemory.AllocatesAndDestroysUserSlot" time elapsed: 00:00:00
----------------------------------------------------------

78/86 Testing: VirtualMemory.ClonesKernelAndDirectMapSlots
78/86 Test: VirtualMemory.ClonesKernelAndDirectMapSlots
Command: "/Users/stefan/os1_repo/build-host-tests-ninja/os1_host_tests" "--gtest_filter=VirtualMemory.ClonesKernelAndDirectMapSlots" "--gtest_also_run_disabled_tests"
Directory: /Users/stefan/os1_repo/build-host-tests-ninja
"VirtualMemory.ClonesKernelAndDirectMapSlots" start time: Apr 30 16:55 EEST
Output:
----------------------------------------------------------
Running main() from /Users/stefan/os1_repo/third_party/googletest/googletest/src/gtest_main.cc
Note: Google Test filter = VirtualMemory.ClonesKernelAndDirectMapSlots
[==========] Running 1 test from 1 test suite.
[----------] Global test environment set-up.
[----------] 1 test from VirtualMemory
[ RUN      ] VirtualMemory.ClonesKernelAndDirectMapSlots
[       OK ] VirtualMemory.ClonesKernelAndDirectMapSlots (172 ms)
[----------] 1 test from VirtualMemory (172 ms total)

[----------] Global test environment tear-down
[==========] 1 test from 1 test suite ran. (172 ms total)
[  PASSED  ] 1 test.
<end of output>
Test time =   0.18 sec
----------------------------------------------------------
Test Passed.
"VirtualMemory.ClonesKernelAndDirectMapSlots" end time: Apr 30 16:55 EEST
"VirtualMemory.ClonesKernelAndDirectMapSlots" time elapsed: 00:00:00
----------------------------------------------------------

79/86 Testing: UserElfPolicy.ValidatesExecutableHeader
79/86 Test: UserElfPolicy.ValidatesExecutableHeader
Command: "/Users/stefan/os1_repo/build-host-tests-ninja/os1_host_tests" "--gtest_filter=UserElfPolicy.ValidatesExecutableHeader" "--gtest_also_run_disabled_tests"
Directory: /Users/stefan/os1_repo/build-host-tests-ninja
"UserElfPolicy.ValidatesExecutableHeader" start time: Apr 30 16:55 EEST
Output:
----------------------------------------------------------
Running main() from /Users/stefan/os1_repo/third_party/googletest/googletest/src/gtest_main.cc
Note: Google Test filter = UserElfPolicy.ValidatesExecutableHeader
[==========] Running 1 test from 1 test suite.
[----------] Global test environment set-up.
[----------] 1 test from UserElfPolicy
[ RUN      ] UserElfPolicy.ValidatesExecutableHeader
[       OK ] UserElfPolicy.ValidatesExecutableHeader (0 ms)
[----------] 1 test from UserElfPolicy (0 ms total)

[----------] Global test environment tear-down
[==========] 1 test from 1 test suite ran. (0 ms total)
[  PASSED  ] 1 test.
<end of output>
Test time =   0.00 sec
----------------------------------------------------------
Test Passed.
"UserElfPolicy.ValidatesExecutableHeader" end time: Apr 30 16:55 EEST
"UserElfPolicy.ValidatesExecutableHeader" time elapsed: 00:00:00
----------------------------------------------------------

80/86 Testing: UserElfPolicy.PlansLoadSegmentPermissions
80/86 Test: UserElfPolicy.PlansLoadSegmentPermissions
Command: "/Users/stefan/os1_repo/build-host-tests-ninja/os1_host_tests" "--gtest_filter=UserElfPolicy.PlansLoadSegmentPermissions" "--gtest_also_run_disabled_tests"
Directory: /Users/stefan/os1_repo/build-host-tests-ninja
"UserElfPolicy.PlansLoadSegmentPermissions" start time: Apr 30 16:55 EEST
Output:
----------------------------------------------------------
Running main() from /Users/stefan/os1_repo/third_party/googletest/googletest/src/gtest_main.cc
Note: Google Test filter = UserElfPolicy.PlansLoadSegmentPermissions
[==========] Running 1 test from 1 test suite.
[----------] Global test environment set-up.
[----------] 1 test from UserElfPolicy
[ RUN      ] UserElfPolicy.PlansLoadSegmentPermissions
[       OK ] UserElfPolicy.PlansLoadSegmentPermissions (0 ms)
[----------] 1 test from UserElfPolicy (0 ms total)

[----------] Global test environment tear-down
[==========] 1 test from 1 test suite ran. (0 ms total)
[  PASSED  ] 1 test.
<end of output>
Test time =   0.00 sec
----------------------------------------------------------
Test Passed.
"UserElfPolicy.PlansLoadSegmentPermissions" end time: Apr 30 16:55 EEST
"UserElfPolicy.PlansLoadSegmentPermissions" time elapsed: 00:00:00
----------------------------------------------------------

81/86 Testing: UserElfPolicy.RejectsInvalidSegmentRanges
81/86 Test: UserElfPolicy.RejectsInvalidSegmentRanges
Command: "/Users/stefan/os1_repo/build-host-tests-ninja/os1_host_tests" "--gtest_filter=UserElfPolicy.RejectsInvalidSegmentRanges" "--gtest_also_run_disabled_tests"
Directory: /Users/stefan/os1_repo/build-host-tests-ninja
"UserElfPolicy.RejectsInvalidSegmentRanges" start time: Apr 30 16:55 EEST
Output:
----------------------------------------------------------
Running main() from /Users/stefan/os1_repo/third_party/googletest/googletest/src/gtest_main.cc
Note: Google Test filter = UserElfPolicy.RejectsInvalidSegmentRanges
[==========] Running 1 test from 1 test suite.
[----------] Global test environment set-up.
[----------] 1 test from UserElfPolicy
[ RUN      ] UserElfPolicy.RejectsInvalidSegmentRanges
[       OK ] UserElfPolicy.RejectsInvalidSegmentRanges (0 ms)
[----------] 1 test from UserElfPolicy (0 ms total)

[----------] Global test environment tear-down
[==========] 1 test from 1 test suite ran. (0 ms total)
[  PASSED  ] 1 test.
<end of output>
Test time =   0.00 sec
----------------------------------------------------------
Test Passed.
"UserElfPolicy.RejectsInvalidSegmentRanges" end time: Apr 30 16:55 EEST
"UserElfPolicy.RejectsInvalidSegmentRanges" time elapsed: 00:00:00
----------------------------------------------------------

82/86 Testing: UserElfPolicy.ValidatesEntryPointInsideLoadableUserSegment
82/86 Test: UserElfPolicy.ValidatesEntryPointInsideLoadableUserSegment
Command: "/Users/stefan/os1_repo/build-host-tests-ninja/os1_host_tests" "--gtest_filter=UserElfPolicy.ValidatesEntryPointInsideLoadableUserSegment" "--gtest_also_run_disabled_tests"
Directory: /Users/stefan/os1_repo/build-host-tests-ninja
"UserElfPolicy.ValidatesEntryPointInsideLoadableUserSegment" start time: Apr 30 16:55 EEST
Output:
----------------------------------------------------------
Running main() from /Users/stefan/os1_repo/third_party/googletest/googletest/src/gtest_main.cc
Note: Google Test filter = UserElfPolicy.ValidatesEntryPointInsideLoadableUserSegment
[==========] Running 1 test from 1 test suite.
[----------] Global test environment set-up.
[----------] 1 test from UserElfPolicy
[ RUN      ] UserElfPolicy.ValidatesEntryPointInsideLoadableUserSegment
[       OK ] UserElfPolicy.ValidatesEntryPointInsideLoadableUserSegment (0 ms)
[----------] 1 test from UserElfPolicy (0 ms total)

[----------] Global test environment tear-down
[==========] 1 test from 1 test suite ran. (0 ms total)
[  PASSED  ] 1 test.
<end of output>
Test time =   0.00 sec
----------------------------------------------------------
Test Passed.
"UserElfPolicy.ValidatesEntryPointInsideLoadableUserSegment" end time: Apr 30 16:55 EEST
"UserElfPolicy.ValidatesEntryPointInsideLoadableUserSegment" time elapsed: 00:00:00
----------------------------------------------------------

83/86 Testing: UserElfPolicy.ComputesStackLayout
83/86 Test: UserElfPolicy.ComputesStackLayout
Command: "/Users/stefan/os1_repo/build-host-tests-ninja/os1_host_tests" "--gtest_filter=UserElfPolicy.ComputesStackLayout" "--gtest_also_run_disabled_tests"
Directory: /Users/stefan/os1_repo/build-host-tests-ninja
"UserElfPolicy.ComputesStackLayout" start time: Apr 30 16:55 EEST
Output:
----------------------------------------------------------
Running main() from /Users/stefan/os1_repo/third_party/googletest/googletest/src/gtest_main.cc
Note: Google Test filter = UserElfPolicy.ComputesStackLayout
[==========] Running 1 test from 1 test suite.
[----------] Global test environment set-up.
[----------] 1 test from UserElfPolicy
[ RUN      ] UserElfPolicy.ComputesStackLayout
[       OK ] UserElfPolicy.ComputesStackLayout (0 ms)
[----------] 1 test from UserElfPolicy (0 ms total)

[----------] Global test environment tear-down
[==========] 1 test from 1 test suite ran. (0 ms total)
[  PASSED  ] 1 test.
<end of output>
Test time =   0.00 sec
----------------------------------------------------------
Test Passed.
"UserElfPolicy.ComputesStackLayout" end time: Apr 30 16:55 EEST
"UserElfPolicy.ComputesStackLayout" time elapsed: 00:00:00
----------------------------------------------------------

84/86 Testing: ObserveAbi.ConstantsAreStable
84/86 Test: ObserveAbi.ConstantsAreStable
Command: "/Users/stefan/os1_repo/build-host-tests-ninja/os1_host_tests" "--gtest_filter=ObserveAbi.ConstantsAreStable" "--gtest_also_run_disabled_tests"
Directory: /Users/stefan/os1_repo/build-host-tests-ninja
"ObserveAbi.ConstantsAreStable" start time: Apr 30 16:55 EEST
Output:
----------------------------------------------------------
Running main() from /Users/stefan/os1_repo/third_party/googletest/googletest/src/gtest_main.cc
Note: Google Test filter = ObserveAbi.ConstantsAreStable
[==========] Running 1 test from 1 test suite.
[----------] Global test environment set-up.
[----------] 1 test from ObserveAbi
[ RUN      ] ObserveAbi.ConstantsAreStable
[       OK ] ObserveAbi.ConstantsAreStable (0 ms)
[----------] 1 test from ObserveAbi (0 ms total)

[----------] Global test environment tear-down
[==========] 1 test from 1 test suite ran. (0 ms total)
[  PASSED  ] 1 test.
<end of output>
Test time =   0.00 sec
----------------------------------------------------------
Test Passed.
"ObserveAbi.ConstantsAreStable" end time: Apr 30 16:55 EEST
"ObserveAbi.ConstantsAreStable" time elapsed: 00:00:00
----------------------------------------------------------

85/86 Testing: ObserveAbi.HeaderLayoutIsPacked
85/86 Test: ObserveAbi.HeaderLayoutIsPacked
Command: "/Users/stefan/os1_repo/build-host-tests-ninja/os1_host_tests" "--gtest_filter=ObserveAbi.HeaderLayoutIsPacked" "--gtest_also_run_disabled_tests"
Directory: /Users/stefan/os1_repo/build-host-tests-ninja
"ObserveAbi.HeaderLayoutIsPacked" start time: Apr 30 16:55 EEST
Output:
----------------------------------------------------------
Running main() from /Users/stefan/os1_repo/third_party/googletest/googletest/src/gtest_main.cc
Note: Google Test filter = ObserveAbi.HeaderLayoutIsPacked
[==========] Running 1 test from 1 test suite.
[----------] Global test environment set-up.
[----------] 1 test from ObserveAbi
[ RUN      ] ObserveAbi.HeaderLayoutIsPacked
[       OK ] ObserveAbi.HeaderLayoutIsPacked (0 ms)
[----------] 1 test from ObserveAbi (0 ms total)

[----------] Global test environment tear-down
[==========] 1 test from 1 test suite ran. (0 ms total)
[  PASSED  ] 1 test.
<end of output>
Test time =   0.00 sec
----------------------------------------------------------
Test Passed.
"ObserveAbi.HeaderLayoutIsPacked" end time: Apr 30 16:55 EEST
"ObserveAbi.HeaderLayoutIsPacked" time elapsed: 00:00:00
----------------------------------------------------------

86/86 Testing: ObserveAbi.RecordLayoutsArePacked
86/86 Test: ObserveAbi.RecordLayoutsArePacked
Command: "/Users/stefan/os1_repo/build-host-tests-ninja/os1_host_tests" "--gtest_filter=ObserveAbi.RecordLayoutsArePacked" "--gtest_also_run_disabled_tests"
Directory: /Users/stefan/os1_repo/build-host-tests-ninja
"ObserveAbi.RecordLayoutsArePacked" start time: Apr 30 16:55 EEST
Output:
----------------------------------------------------------
Running main() from /Users/stefan/os1_repo/third_party/googletest/googletest/src/gtest_main.cc
Note: Google Test filter = ObserveAbi.RecordLayoutsArePacked
[==========] Running 1 test from 1 test suite.
[----------] Global test environment set-up.
[----------] 1 test from ObserveAbi
[ RUN      ] ObserveAbi.RecordLayoutsArePacked
[       OK ] ObserveAbi.RecordLayoutsArePacked (0 ms)
[----------] 1 test from ObserveAbi (0 ms total)

[----------] Global test environment tear-down
[==========] 1 test from 1 test suite ran. (0 ms total)
[  PASSED  ] 1 test.
<end of output>
Test time =   0.00 sec
----------------------------------------------------------
Test Passed.
"ObserveAbi.RecordLayoutsArePacked" end time: Apr 30 16:55 EEST
"ObserveAbi.RecordLayoutsArePacked" time elapsed: 00:00:00
----------------------------------------------------------

End testing: Apr 30 16:55 EEST

host =   1.72 sec*proc

